CRITICAL - 2020-11-02 16:37:21 --> Cannot add or update a child row: a foreign key constraint fails (`bravi_contact_list`.`Phones`, CONSTRAINT `fk_phone_country` FOREIGN KEY (`phone_country`) REFERENCES `Countries` (`country_id`) ON DELETE RESTRICT)
#0 /home/rads/Projetos/Bravi Test/bravi-contact-list-api/vendor/codeigniter4/framework/system/Database/MySQLi/Connection.php(331): mysqli->query()
#1 /home/rads/Projetos/Bravi Test/bravi-contact-list-api/vendor/codeigniter4/framework/system/Database/BaseConnection.php(741): CodeIgniter\Database\MySQLi\Connection->execute()
#2 /home/rads/Projetos/Bravi Test/bravi-contact-list-api/vendor/codeigniter4/framework/system/Database/BaseConnection.php(669): CodeIgniter\Database\BaseConnection->simpleQuery()
#3 /home/rads/Projetos/Bravi Test/bravi-contact-list-api/vendor/codeigniter4/framework/system/Database/BaseBuilder.php(2456): CodeIgniter\Database\BaseConnection->query()
#4 /home/rads/Projetos/Bravi Test/bravi-contact-list-api/vendor/codeigniter4/framework/system/Model.php(889): CodeIgniter\Database\BaseBuilder->update()
#5 /home/rads/Projetos/Bravi Test/bravi-contact-list-api/app/Controllers/Phones.php(81): CodeIgniter\Model->update()
#6 /home/rads/Projetos/Bravi Test/bravi-contact-list-api/vendor/codeigniter4/framework/system/CodeIgniter.php(918): App\Controllers\Phones->update()
#7 /home/rads/Projetos/Bravi Test/bravi-contact-list-api/vendor/codeigniter4/framework/system/CodeIgniter.php(404): CodeIgniter\CodeIgniter->runController()
#8 /home/rads/Projetos/Bravi Test/bravi-contact-list-api/vendor/codeigniter4/framework/system/CodeIgniter.php(312): CodeIgniter\CodeIgniter->handleRequest()
#9 /home/rads/Projetos/Bravi Test/bravi-contact-list-api/public/index.php(45): CodeIgniter\CodeIgniter->run()
#10 /home/rads/Projetos/Bravi Test/bravi-contact-list-api/vendor/codeigniter4/framework/system/Commands/Server/rewrite.php(34): require_once('/home/rads/Proj...')
#11 {main}
CRITICAL - 2020-11-02 16:45:15 --> Cannot add or update a child row: a foreign key constraint fails (`bravi_contact_list`.`Phones`, CONSTRAINT `fk_phone_country` FOREIGN KEY (`phone_country`) REFERENCES `Countries` (`country_id`) ON DELETE RESTRICT)
#0 /home/rads/Projetos/Bravi Test/bravi-contact-list-api/vendor/codeigniter4/framework/system/Database/MySQLi/Connection.php(331): mysqli->query()
#1 /home/rads/Projetos/Bravi Test/bravi-contact-list-api/vendor/codeigniter4/framework/system/Database/BaseConnection.php(741): CodeIgniter\Database\MySQLi\Connection->execute()
#2 /home/rads/Projetos/Bravi Test/bravi-contact-list-api/vendor/codeigniter4/framework/system/Database/BaseConnection.php(669): CodeIgniter\Database\BaseConnection->simpleQuery()
#3 /home/rads/Projetos/Bravi Test/bravi-contact-list-api/vendor/codeigniter4/framework/system/Database/BaseBuilder.php(2456): CodeIgniter\Database\BaseConnection->query()
#4 /home/rads/Projetos/Bravi Test/bravi-contact-list-api/vendor/codeigniter4/framework/system/Model.php(889): CodeIgniter\Database\BaseBuilder->update()
#5 /home/rads/Projetos/Bravi Test/bravi-contact-list-api/app/Controllers/Phones.php(81): CodeIgniter\Model->update()
#6 /home/rads/Projetos/Bravi Test/bravi-contact-list-api/vendor/codeigniter4/framework/system/CodeIgniter.php(918): App\Controllers\Phones->update()
#7 /home/rads/Projetos/Bravi Test/bravi-contact-list-api/vendor/codeigniter4/framework/system/CodeIgniter.php(404): CodeIgniter\CodeIgniter->runController()
#8 /home/rads/Projetos/Bravi Test/bravi-contact-list-api/vendor/codeigniter4/framework/system/CodeIgniter.php(312): CodeIgniter\CodeIgniter->handleRequest()
#9 /home/rads/Projetos/Bravi Test/bravi-contact-list-api/public/index.php(45): CodeIgniter\CodeIgniter->run()
#10 /home/rads/Projetos/Bravi Test/bravi-contact-list-api/vendor/codeigniter4/framework/system/Commands/Server/rewrite.php(34): require_once('/home/rads/Proj...')
#11 {main}
CRITICAL - 2020-11-02 17:12:24 --> Cannot add or update a child row: a foreign key constraint fails (`bravi_contact_list`.`Phones`, CONSTRAINT `fk_phone_country` FOREIGN KEY (`phone_country`) REFERENCES `Countries` (`country_id`) ON DELETE RESTRICT)
#0 /home/rads/Projetos/Bravi Test/bravi-contact-list-api/vendor/codeigniter4/framework/system/Database/MySQLi/Connection.php(331): mysqli->query()
#1 /home/rads/Projetos/Bravi Test/bravi-contact-list-api/vendor/codeigniter4/framework/system/Database/BaseConnection.php(741): CodeIgniter\Database\MySQLi\Connection->execute()
#2 /home/rads/Projetos/Bravi Test/bravi-contact-list-api/vendor/codeigniter4/framework/system/Database/BaseConnection.php(669): CodeIgniter\Database\BaseConnection->simpleQuery()
#3 /home/rads/Projetos/Bravi Test/bravi-contact-list-api/vendor/codeigniter4/framework/system/Database/BaseBuilder.php(2456): CodeIgniter\Database\BaseConnection->query()
#4 /home/rads/Projetos/Bravi Test/bravi-contact-list-api/vendor/codeigniter4/framework/system/Model.php(889): CodeIgniter\Database\BaseBuilder->update()
#5 /home/rads/Projetos/Bravi Test/bravi-contact-list-api/app/Controllers/Phones.php(81): CodeIgniter\Model->update()
#6 /home/rads/Projetos/Bravi Test/bravi-contact-list-api/vendor/codeigniter4/framework/system/CodeIgniter.php(918): App\Controllers\Phones->update()
#7 /home/rads/Projetos/Bravi Test/bravi-contact-list-api/vendor/codeigniter4/framework/system/CodeIgniter.php(404): CodeIgniter\CodeIgniter->runController()
#8 /home/rads/Projetos/Bravi Test/bravi-contact-list-api/vendor/codeigniter4/framework/system/CodeIgniter.php(312): CodeIgniter\CodeIgniter->handleRequest()
#9 /home/rads/Projetos/Bravi Test/bravi-contact-list-api/public/index.php(45): CodeIgniter\CodeIgniter->run()
#10 /home/rads/Projetos/Bravi Test/bravi-contact-list-api/vendor/codeigniter4/framework/system/Commands/Server/rewrite.php(34): require_once('/home/rads/Proj...')
#11 {main}
CRITICAL - 2020-11-02 17:14:24 --> Cannot add or update a child row: a foreign key constraint fails (`bravi_contact_list`.`Phones`, CONSTRAINT `fk_phone_country` FOREIGN KEY (`phone_country`) REFERENCES `Countries` (`country_id`) ON DELETE RESTRICT)
#0 /home/rads/Projetos/Bravi Test/bravi-contact-list-api/vendor/codeigniter4/framework/system/Database/MySQLi/Connection.php(331): mysqli->query()
#1 /home/rads/Projetos/Bravi Test/bravi-contact-list-api/vendor/codeigniter4/framework/system/Database/BaseConnection.php(741): CodeIgniter\Database\MySQLi\Connection->execute()
#2 /home/rads/Projetos/Bravi Test/bravi-contact-list-api/vendor/codeigniter4/framework/system/Database/BaseConnection.php(669): CodeIgniter\Database\BaseConnection->simpleQuery()
#3 /home/rads/Projetos/Bravi Test/bravi-contact-list-api/vendor/codeigniter4/framework/system/Database/BaseBuilder.php(2456): CodeIgniter\Database\BaseConnection->query()
#4 /home/rads/Projetos/Bravi Test/bravi-contact-list-api/vendor/codeigniter4/framework/system/Model.php(889): CodeIgniter\Database\BaseBuilder->update()
#5 /home/rads/Projetos/Bravi Test/bravi-contact-list-api/app/Controllers/Phones.php(81): CodeIgniter\Model->update()
#6 /home/rads/Projetos/Bravi Test/bravi-contact-list-api/vendor/codeigniter4/framework/system/CodeIgniter.php(918): App\Controllers\Phones->update()
#7 /home/rads/Projetos/Bravi Test/bravi-contact-list-api/vendor/codeigniter4/framework/system/CodeIgniter.php(404): CodeIgniter\CodeIgniter->runController()
#8 /home/rads/Projetos/Bravi Test/bravi-contact-list-api/vendor/codeigniter4/framework/system/CodeIgniter.php(312): CodeIgniter\CodeIgniter->handleRequest()
#9 /home/rads/Projetos/Bravi Test/bravi-contact-list-api/public/index.php(45): CodeIgniter\CodeIgniter->run()
#10 /home/rads/Projetos/Bravi Test/bravi-contact-list-api/vendor/codeigniter4/framework/system/Commands/Server/rewrite.php(34): require_once('/home/rads/Proj...')
#11 {main}
CRITICAL - 2020-11-02 17:31:14 --> Cannot add or update a child row: a foreign key constraint fails (`bravi_contact_list`.`Phones`, CONSTRAINT `fk_phone_country` FOREIGN KEY (`phone_country`) REFERENCES `Countries` (`country_id`) ON DELETE RESTRICT)
#0 /home/rads/Projetos/Bravi Test/bravi-contact-list-api/vendor/codeigniter4/framework/system/Database/MySQLi/Connection.php(331): mysqli->query()
#1 /home/rads/Projetos/Bravi Test/bravi-contact-list-api/vendor/codeigniter4/framework/system/Database/BaseConnection.php(741): CodeIgniter\Database\MySQLi\Connection->execute()
#2 /home/rads/Projetos/Bravi Test/bravi-contact-list-api/vendor/codeigniter4/framework/system/Database/BaseConnection.php(669): CodeIgniter\Database\BaseConnection->simpleQuery()
#3 /home/rads/Projetos/Bravi Test/bravi-contact-list-api/vendor/codeigniter4/framework/system/Database/BaseBuilder.php(2456): CodeIgniter\Database\BaseConnection->query()
#4 /home/rads/Projetos/Bravi Test/bravi-contact-list-api/vendor/codeigniter4/framework/system/Model.php(889): CodeIgniter\Database\BaseBuilder->update()
#5 /home/rads/Projetos/Bravi Test/bravi-contact-list-api/app/Controllers/Phones.php(81): CodeIgniter\Model->update()
#6 /home/rads/Projetos/Bravi Test/bravi-contact-list-api/vendor/codeigniter4/framework/system/CodeIgniter.php(918): App\Controllers\Phones->update()
#7 /home/rads/Projetos/Bravi Test/bravi-contact-list-api/vendor/codeigniter4/framework/system/CodeIgniter.php(404): CodeIgniter\CodeIgniter->runController()
#8 /home/rads/Projetos/Bravi Test/bravi-contact-list-api/vendor/codeigniter4/framework/system/CodeIgniter.php(312): CodeIgniter\CodeIgniter->handleRequest()
#9 /home/rads/Projetos/Bravi Test/bravi-contact-list-api/public/index.php(45): CodeIgniter\CodeIgniter->run()
#10 /home/rads/Projetos/Bravi Test/bravi-contact-list-api/vendor/codeigniter4/framework/system/Commands/Server/rewrite.php(34): require_once('/home/rads/Proj...')
#11 {main}
CRITICAL - 2020-11-02 17:31:25 --> Cannot add or update a child row: a foreign key constraint fails (`bravi_contact_list`.`Phones`, CONSTRAINT `fk_phone_country` FOREIGN KEY (`phone_country`) REFERENCES `Countries` (`country_id`) ON DELETE RESTRICT)
#0 /home/rads/Projetos/Bravi Test/bravi-contact-list-api/vendor/codeigniter4/framework/system/Database/MySQLi/Connection.php(331): mysqli->query()
#1 /home/rads/Projetos/Bravi Test/bravi-contact-list-api/vendor/codeigniter4/framework/system/Database/BaseConnection.php(741): CodeIgniter\Database\MySQLi\Connection->execute()
#2 /home/rads/Projetos/Bravi Test/bravi-contact-list-api/vendor/codeigniter4/framework/system/Database/BaseConnection.php(669): CodeIgniter\Database\BaseConnection->simpleQuery()
#3 /home/rads/Projetos/Bravi Test/bravi-contact-list-api/vendor/codeigniter4/framework/system/Database/BaseBuilder.php(2456): CodeIgniter\Database\BaseConnection->query()
#4 /home/rads/Projetos/Bravi Test/bravi-contact-list-api/vendor/codeigniter4/framework/system/Model.php(889): CodeIgniter\Database\BaseBuilder->update()
#5 /home/rads/Projetos/Bravi Test/bravi-contact-list-api/app/Controllers/Phones.php(81): CodeIgniter\Model->update()
#6 /home/rads/Projetos/Bravi Test/bravi-contact-list-api/vendor/codeigniter4/framework/system/CodeIgniter.php(918): App\Controllers\Phones->update()
#7 /home/rads/Projetos/Bravi Test/bravi-contact-list-api/vendor/codeigniter4/framework/system/CodeIgniter.php(404): CodeIgniter\CodeIgniter->runController()
#8 /home/rads/Projetos/Bravi Test/bravi-contact-list-api/vendor/codeigniter4/framework/system/CodeIgniter.php(312): CodeIgniter\CodeIgniter->handleRequest()
#9 /home/rads/Projetos/Bravi Test/bravi-contact-list-api/public/index.php(45): CodeIgniter\CodeIgniter->run()
#10 /home/rads/Projetos/Bravi Test/bravi-contact-list-api/vendor/codeigniter4/framework/system/Commands/Server/rewrite.php(34): require_once('/home/rads/Proj...')
#11 {main}
CRITICAL - 2020-11-02 17:39:33 --> Cannot add or update a child row: a foreign key constraint fails (`bravi_contact_list`.`Phones`, CONSTRAINT `fk_phone_country` FOREIGN KEY (`phone_country`) REFERENCES `Countries` (`country_id`) ON DELETE RESTRICT)
#0 /home/rads/Projetos/Bravi Test/bravi-contact-list-api/vendor/codeigniter4/framework/system/Database/MySQLi/Connection.php(331): mysqli->query()
#1 /home/rads/Projetos/Bravi Test/bravi-contact-list-api/vendor/codeigniter4/framework/system/Database/BaseConnection.php(741): CodeIgniter\Database\MySQLi\Connection->execute()
#2 /home/rads/Projetos/Bravi Test/bravi-contact-list-api/vendor/codeigniter4/framework/system/Database/BaseConnection.php(669): CodeIgniter\Database\BaseConnection->simpleQuery()
#3 /home/rads/Projetos/Bravi Test/bravi-contact-list-api/vendor/codeigniter4/framework/system/Database/BaseBuilder.php(2456): CodeIgniter\Database\BaseConnection->query()
#4 /home/rads/Projetos/Bravi Test/bravi-contact-list-api/vendor/codeigniter4/framework/system/Model.php(889): CodeIgniter\Database\BaseBuilder->update()
#5 /home/rads/Projetos/Bravi Test/bravi-contact-list-api/app/Controllers/Phones.php(81): CodeIgniter\Model->update()
#6 /home/rads/Projetos/Bravi Test/bravi-contact-list-api/vendor/codeigniter4/framework/system/CodeIgniter.php(918): App\Controllers\Phones->update()
#7 /home/rads/Projetos/Bravi Test/bravi-contact-list-api/vendor/codeigniter4/framework/system/CodeIgniter.php(404): CodeIgniter\CodeIgniter->runController()
#8 /home/rads/Projetos/Bravi Test/bravi-contact-list-api/vendor/codeigniter4/framework/system/CodeIgniter.php(312): CodeIgniter\CodeIgniter->handleRequest()
#9 /home/rads/Projetos/Bravi Test/bravi-contact-list-api/public/index.php(45): CodeIgniter\CodeIgniter->run()
#10 /home/rads/Projetos/Bravi Test/bravi-contact-list-api/vendor/codeigniter4/framework/system/Commands/Server/rewrite.php(34): require_once('/home/rads/Proj...')
#11 {main}
CRITICAL - 2020-11-02 19:14:52 --> Unable to connect to the database.
#0 /var/www/html/vendor/codeigniter4/framework/system/Database/BaseConnection.php(646): CodeIgniter\Database\BaseConnection->initialize()
#1 /var/www/html/vendor/codeigniter4/framework/system/Database/BaseBuilder.php(1860): CodeIgniter\Database\BaseConnection->query('SELECT *\nFROM `...', Array, false)
#2 /var/www/html/vendor/codeigniter4/framework/system/Model.php(462): CodeIgniter\Database\BaseBuilder->get()
#3 /var/www/html/app/Controllers/Contacts.php(14): CodeIgniter\Model->findAll()
#4 /var/www/html/vendor/codeigniter4/framework/system/CodeIgniter.php(918): App\Controllers\Contacts->index()
#5 /var/www/html/vendor/codeigniter4/framework/system/CodeIgniter.php(404): CodeIgniter\CodeIgniter->runController(Object(App\Controllers\Contacts))
#6 /var/www/html/vendor/codeigniter4/framework/system/CodeIgniter.php(312): CodeIgniter\CodeIgniter->handleRequest(NULL, Object(Config\Cache), false)
#7 /var/www/html/public/index.php(45): CodeIgniter\CodeIgniter->run()
#8 {main}
CRITICAL - 2020-11-02 19:14:52 --> Unable to connect to the database.
#0 /var/www/html/vendor/codeigniter4/framework/system/Database/BaseConnection.php(646): CodeIgniter\Database\BaseConnection->initialize()
#1 /var/www/html/vendor/codeigniter4/framework/system/Database/BaseBuilder.php(1860): CodeIgniter\Database\BaseConnection->query('SELECT *\nFROM `...', Array, false)
#2 /var/www/html/vendor/codeigniter4/framework/system/Model.php(462): CodeIgniter\Database\BaseBuilder->get()
#3 /var/www/html/app/Controllers/Countries.php(14): CodeIgniter\Model->findAll()
#4 /var/www/html/vendor/codeigniter4/framework/system/CodeIgniter.php(918): App\Controllers\Countries->index()
#5 /var/www/html/vendor/codeigniter4/framework/system/CodeIgniter.php(404): CodeIgniter\CodeIgniter->runController(Object(App\Controllers\Countries))
#6 /var/www/html/vendor/codeigniter4/framework/system/CodeIgniter.php(312): CodeIgniter\CodeIgniter->handleRequest(NULL, Object(Config\Cache), false)
#7 /var/www/html/public/index.php(45): CodeIgniter\CodeIgniter->run()
#8 {main}
CRITICAL - 2020-11-02 19:14:57 --> Unable to connect to the database.
#0 /var/www/html/vendor/codeigniter4/framework/system/Database/BaseConnection.php(646): CodeIgniter\Database\BaseConnection->initialize()
#1 /var/www/html/vendor/codeigniter4/framework/system/Database/BaseBuilder.php(1860): CodeIgniter\Database\BaseConnection->query('SELECT *\nFROM `...', Array, false)
#2 /var/www/html/vendor/codeigniter4/framework/system/Model.php(462): CodeIgniter\Database\BaseBuilder->get()
#3 /var/www/html/app/Controllers/Contacts.php(14): CodeIgniter\Model->findAll()
#4 /var/www/html/vendor/codeigniter4/framework/system/CodeIgniter.php(918): App\Controllers\Contacts->index()
#5 /var/www/html/vendor/codeigniter4/framework/system/CodeIgniter.php(404): CodeIgniter\CodeIgniter->runController(Object(App\Controllers\Contacts))
#6 /var/www/html/vendor/codeigniter4/framework/system/CodeIgniter.php(312): CodeIgniter\CodeIgniter->handleRequest(NULL, Object(Config\Cache), false)
#7 /var/www/html/public/index.php(45): CodeIgniter\CodeIgniter->run()
#8 {main}
CRITICAL - 2020-11-02 19:14:57 --> Unable to connect to the database.
#0 /var/www/html/vendor/codeigniter4/framework/system/Database/BaseConnection.php(646): CodeIgniter\Database\BaseConnection->initialize()
#1 /var/www/html/vendor/codeigniter4/framework/system/Database/BaseBuilder.php(1860): CodeIgniter\Database\BaseConnection->query('SELECT *\nFROM `...', Array, false)
#2 /var/www/html/vendor/codeigniter4/framework/system/Model.php(462): CodeIgniter\Database\BaseBuilder->get()
#3 /var/www/html/app/Controllers/Countries.php(14): CodeIgniter\Model->findAll()
#4 /var/www/html/vendor/codeigniter4/framework/system/CodeIgniter.php(918): App\Controllers\Countries->index()
#5 /var/www/html/vendor/codeigniter4/framework/system/CodeIgniter.php(404): CodeIgniter\CodeIgniter->runController(Object(App\Controllers\Countries))
#6 /var/www/html/vendor/codeigniter4/framework/system/CodeIgniter.php(312): CodeIgniter\CodeIgniter->handleRequest(NULL, Object(Config\Cache), false)
#7 /var/www/html/public/index.php(45): CodeIgniter\CodeIgniter->run()
#8 {main}
CRITICAL - 2020-11-02 19:15:16 --> Unable to connect to the database.
#0 /var/www/html/vendor/codeigniter4/framework/system/Database/BaseConnection.php(646): CodeIgniter\Database\BaseConnection->initialize()
#1 /var/www/html/vendor/codeigniter4/framework/system/Database/BaseBuilder.php(2249): CodeIgniter\Database\BaseConnection->query('INSERT INTO `Co...', Array, false)
#2 /var/www/html/vendor/codeigniter4/framework/system/Model.php(755): CodeIgniter\Database\BaseBuilder->insert()
#3 /var/www/html/app/Controllers/Contacts.php(26): CodeIgniter\Model->insert(Array)
#4 /var/www/html/vendor/codeigniter4/framework/system/CodeIgniter.php(918): App\Controllers\Contacts->create()
#5 /var/www/html/vendor/codeigniter4/framework/system/CodeIgniter.php(404): CodeIgniter\CodeIgniter->runController(Object(App\Controllers\Contacts))
#6 /var/www/html/vendor/codeigniter4/framework/system/CodeIgniter.php(312): CodeIgniter\CodeIgniter->handleRequest(NULL, Object(Config\Cache), false)
#7 /var/www/html/public/index.php(45): CodeIgniter\CodeIgniter->run()
#8 {main}
CRITICAL - 2020-11-02 19:15:21 --> Unable to connect to the database.
#0 /var/www/html/vendor/codeigniter4/framework/system/Database/BaseConnection.php(646): CodeIgniter\Database\BaseConnection->initialize()
#1 /var/www/html/vendor/codeigniter4/framework/system/Database/BaseBuilder.php(1860): CodeIgniter\Database\BaseConnection->query('SELECT *\nFROM `...', Array, false)
#2 /var/www/html/vendor/codeigniter4/framework/system/Model.php(462): CodeIgniter\Database\BaseBuilder->get()
#3 /var/www/html/app/Controllers/Countries.php(14): CodeIgniter\Model->findAll()
#4 /var/www/html/vendor/codeigniter4/framework/system/CodeIgniter.php(918): App\Controllers\Countries->index()
#5 /var/www/html/vendor/codeigniter4/framework/system/CodeIgniter.php(404): CodeIgniter\CodeIgniter->runController(Object(App\Controllers\Countries))
#6 /var/www/html/vendor/codeigniter4/framework/system/CodeIgniter.php(312): CodeIgniter\CodeIgniter->handleRequest(NULL, Object(Config\Cache), false)
#7 /var/www/html/public/index.php(45): CodeIgniter\CodeIgniter->run()
#8 {main}
CRITICAL - 2020-11-02 19:15:21 --> Unable to connect to the database.
#0 /var/www/html/vendor/codeigniter4/framework/system/Database/BaseConnection.php(646): CodeIgniter\Database\BaseConnection->initialize()
#1 /var/www/html/vendor/codeigniter4/framework/system/Database/BaseBuilder.php(1860): CodeIgniter\Database\BaseConnection->query('SELECT *\nFROM `...', Array, false)
#2 /var/www/html/vendor/codeigniter4/framework/system/Model.php(462): CodeIgniter\Database\BaseBuilder->get()
#3 /var/www/html/app/Controllers/Contacts.php(14): CodeIgniter\Model->findAll()
#4 /var/www/html/vendor/codeigniter4/framework/system/CodeIgniter.php(918): App\Controllers\Contacts->index()
#5 /var/www/html/vendor/codeigniter4/framework/system/CodeIgniter.php(404): CodeIgniter\CodeIgniter->runController(Object(App\Controllers\Contacts))
#6 /var/www/html/vendor/codeigniter4/framework/system/CodeIgniter.php(312): CodeIgniter\CodeIgniter->handleRequest(NULL, Object(Config\Cache), false)
#7 /var/www/html/public/index.php(45): CodeIgniter\CodeIgniter->run()
#8 {main}
CRITICAL - 2020-11-02 19:15:46 --> Unable to connect to the database.
#0 /var/www/html/vendor/codeigniter4/framework/system/Database/BaseConnection.php(646): CodeIgniter\Database\BaseConnection->initialize()
#1 /var/www/html/vendor/codeigniter4/framework/system/Database/BaseBuilder.php(1860): CodeIgniter\Database\BaseConnection->query('SELECT *\nFROM `...', Array, false)
#2 /var/www/html/vendor/codeigniter4/framework/system/Model.php(462): CodeIgniter\Database\BaseBuilder->get()
#3 /var/www/html/app/Controllers/Contacts.php(14): CodeIgniter\Model->findAll()
#4 /var/www/html/vendor/codeigniter4/framework/system/CodeIgniter.php(918): App\Controllers\Contacts->index()
#5 /var/www/html/vendor/codeigniter4/framework/system/CodeIgniter.php(404): CodeIgniter\CodeIgniter->runController(Object(App\Controllers\Contacts))
#6 /var/www/html/vendor/codeigniter4/framework/system/CodeIgniter.php(312): CodeIgniter\CodeIgniter->handleRequest(NULL, Object(Config\Cache), false)
#7 /var/www/html/public/index.php(45): CodeIgniter\CodeIgniter->run()
#8 {main}
CRITICAL - 2020-11-02 19:15:46 --> Unable to connect to the database.
#0 /var/www/html/vendor/codeigniter4/framework/system/Database/BaseConnection.php(646): CodeIgniter\Database\BaseConnection->initialize()
#1 /var/www/html/vendor/codeigniter4/framework/system/Database/BaseBuilder.php(1860): CodeIgniter\Database\BaseConnection->query('SELECT *\nFROM `...', Array, false)
#2 /var/www/html/vendor/codeigniter4/framework/system/Model.php(462): CodeIgniter\Database\BaseBuilder->get()
#3 /var/www/html/app/Controllers/Countries.php(14): CodeIgniter\Model->findAll()
#4 /var/www/html/vendor/codeigniter4/framework/system/CodeIgniter.php(918): App\Controllers\Countries->index()
#5 /var/www/html/vendor/codeigniter4/framework/system/CodeIgniter.php(404): CodeIgniter\CodeIgniter->runController(Object(App\Controllers\Countries))
#6 /var/www/html/vendor/codeigniter4/framework/system/CodeIgniter.php(312): CodeIgniter\CodeIgniter->handleRequest(NULL, Object(Config\Cache), false)
#7 /var/www/html/public/index.php(45): CodeIgniter\CodeIgniter->run()
#8 {main}
CRITICAL - 2020-11-02 19:15:53 --> Unable to connect to the database.
#0 /var/www/html/vendor/codeigniter4/framework/system/Database/BaseConnection.php(646): CodeIgniter\Database\BaseConnection->initialize()
#1 /var/www/html/vendor/codeigniter4/framework/system/Database/BaseBuilder.php(1860): CodeIgniter\Database\BaseConnection->query('SELECT *\nFROM `...', Array, false)
#2 /var/www/html/vendor/codeigniter4/framework/system/Model.php(462): CodeIgniter\Database\BaseBuilder->get()
#3 /var/www/html/app/Controllers/Contacts.php(14): CodeIgniter\Model->findAll()
#4 /var/www/html/vendor/codeigniter4/framework/system/CodeIgniter.php(918): App\Controllers\Contacts->index()
#5 /var/www/html/vendor/codeigniter4/framework/system/CodeIgniter.php(404): CodeIgniter\CodeIgniter->runController(Object(App\Controllers\Contacts))
#6 /var/www/html/vendor/codeigniter4/framework/system/CodeIgniter.php(312): CodeIgniter\CodeIgniter->handleRequest(NULL, Object(Config\Cache), false)
#7 /var/www/html/public/index.php(45): CodeIgniter\CodeIgniter->run()
#8 {main}
CRITICAL - 2020-11-02 19:15:53 --> Unable to connect to the database.
#0 /var/www/html/vendor/codeigniter4/framework/system/Database/BaseConnection.php(646): CodeIgniter\Database\BaseConnection->initialize()
#1 /var/www/html/vendor/codeigniter4/framework/system/Database/BaseBuilder.php(1860): CodeIgniter\Database\BaseConnection->query('SELECT *\nFROM `...', Array, false)
#2 /var/www/html/vendor/codeigniter4/framework/system/Model.php(462): CodeIgniter\Database\BaseBuilder->get()
#3 /var/www/html/app/Controllers/Countries.php(14): CodeIgniter\Model->findAll()
#4 /var/www/html/vendor/codeigniter4/framework/system/CodeIgniter.php(918): App\Controllers\Countries->index()
#5 /var/www/html/vendor/codeigniter4/framework/system/CodeIgniter.php(404): CodeIgniter\CodeIgniter->runController(Object(App\Controllers\Countries))
#6 /var/www/html/vendor/codeigniter4/framework/system/CodeIgniter.php(312): CodeIgniter\CodeIgniter->handleRequest(NULL, Object(Config\Cache), false)
#7 /var/www/html/public/index.php(45): CodeIgniter\CodeIgniter->run()
#8 {main}
CRITICAL - 2020-11-02 19:16:07 --> Unable to connect to the database.
#0 /var/www/html/vendor/codeigniter4/framework/system/Database/BaseConnection.php(646): CodeIgniter\Database\BaseConnection->initialize()
#1 /var/www/html/vendor/codeigniter4/framework/system/Database/BaseBuilder.php(1860): CodeIgniter\Database\BaseConnection->query('SELECT *\nFROM `...', Array, false)
#2 /var/www/html/vendor/codeigniter4/framework/system/Model.php(462): CodeIgniter\Database\BaseBuilder->get()
#3 /var/www/html/app/Controllers/Contacts.php(14): CodeIgniter\Model->findAll()
#4 /var/www/html/vendor/codeigniter4/framework/system/CodeIgniter.php(918): App\Controllers\Contacts->index()
#5 /var/www/html/vendor/codeigniter4/framework/system/CodeIgniter.php(404): CodeIgniter\CodeIgniter->runController(Object(App\Controllers\Contacts))
#6 /var/www/html/vendor/codeigniter4/framework/system/CodeIgniter.php(312): CodeIgniter\CodeIgniter->handleRequest(NULL, Object(Config\Cache), false)
#7 /var/www/html/public/index.php(45): CodeIgniter\CodeIgniter->run()
#8 {main}
CRITICAL - 2020-11-02 19:16:07 --> Unable to connect to the database.
#0 /var/www/html/vendor/codeigniter4/framework/system/Database/BaseConnection.php(646): CodeIgniter\Database\BaseConnection->initialize()
#1 /var/www/html/vendor/codeigniter4/framework/system/Database/BaseBuilder.php(1860): CodeIgniter\Database\BaseConnection->query('SELECT *\nFROM `...', Array, false)
#2 /var/www/html/vendor/codeigniter4/framework/system/Model.php(462): CodeIgniter\Database\BaseBuilder->get()
#3 /var/www/html/app/Controllers/Countries.php(14): CodeIgniter\Model->findAll()
#4 /var/www/html/vendor/codeigniter4/framework/system/CodeIgniter.php(918): App\Controllers\Countries->index()
#5 /var/www/html/vendor/codeigniter4/framework/system/CodeIgniter.php(404): CodeIgniter\CodeIgniter->runController(Object(App\Controllers\Countries))
#6 /var/www/html/vendor/codeigniter4/framework/system/CodeIgniter.php(312): CodeIgniter\CodeIgniter->handleRequest(NULL, Object(Config\Cache), false)
#7 /var/www/html/public/index.php(45): CodeIgniter\CodeIgniter->run()
#8 {main}
CRITICAL - 2020-11-02 19:16:25 --> Unable to connect to the database.
#0 /var/www/html/vendor/codeigniter4/framework/system/Database/BaseConnection.php(646): CodeIgniter\Database\BaseConnection->initialize()
#1 /var/www/html/vendor/codeigniter4/framework/system/Database/BaseBuilder.php(1860): CodeIgniter\Database\BaseConnection->query('SELECT *\nFROM `...', Array, false)
#2 /var/www/html/vendor/codeigniter4/framework/system/Model.php(462): CodeIgniter\Database\BaseBuilder->get()
#3 /var/www/html/app/Controllers/Contacts.php(14): CodeIgniter\Model->findAll()
#4 /var/www/html/vendor/codeigniter4/framework/system/CodeIgniter.php(918): App\Controllers\Contacts->index()
#5 /var/www/html/vendor/codeigniter4/framework/system/CodeIgniter.php(404): CodeIgniter\CodeIgniter->runController(Object(App\Controllers\Contacts))
#6 /var/www/html/vendor/codeigniter4/framework/system/CodeIgniter.php(312): CodeIgniter\CodeIgniter->handleRequest(NULL, Object(Config\Cache), false)
#7 /var/www/html/public/index.php(45): CodeIgniter\CodeIgniter->run()
#8 {main}
CRITICAL - 2020-11-02 19:16:40 --> Unable to connect to the database.
#0 /var/www/html/vendor/codeigniter4/framework/system/Database/BaseConnection.php(646): CodeIgniter\Database\BaseConnection->initialize()
#1 /var/www/html/vendor/codeigniter4/framework/system/Database/BaseBuilder.php(1860): CodeIgniter\Database\BaseConnection->query('SELECT *\nFROM `...', Array, false)
#2 /var/www/html/vendor/codeigniter4/framework/system/Model.php(462): CodeIgniter\Database\BaseBuilder->get()
#3 /var/www/html/app/Controllers/Countries.php(14): CodeIgniter\Model->findAll()
#4 /var/www/html/vendor/codeigniter4/framework/system/CodeIgniter.php(918): App\Controllers\Countries->index()
#5 /var/www/html/vendor/codeigniter4/framework/system/CodeIgniter.php(404): CodeIgniter\CodeIgniter->runController(Object(App\Controllers\Countries))
#6 /var/www/html/vendor/codeigniter4/framework/system/CodeIgniter.php(312): CodeIgniter\CodeIgniter->handleRequest(NULL, Object(Config\Cache), false)
#7 /var/www/html/public/index.php(45): CodeIgniter\CodeIgniter->run()
#8 {main}
CRITICAL - 2020-11-02 19:31:49 --> Unable to connect to the database.
#0 /var/www/html/vendor/codeigniter4/framework/system/Database/BaseConnection.php(646): CodeIgniter\Database\BaseConnection->initialize()
#1 /var/www/html/vendor/codeigniter4/framework/system/Database/BaseBuilder.php(1860): CodeIgniter\Database\BaseConnection->query('SELECT *\nFROM `...', Array, false)
#2 /var/www/html/vendor/codeigniter4/framework/system/Model.php(462): CodeIgniter\Database\BaseBuilder->get()
#3 /var/www/html/app/Controllers/Countries.php(14): CodeIgniter\Model->findAll()
#4 /var/www/html/vendor/codeigniter4/framework/system/CodeIgniter.php(918): App\Controllers\Countries->index()
#5 /var/www/html/vendor/codeigniter4/framework/system/CodeIgniter.php(404): CodeIgniter\CodeIgniter->runController(Object(App\Controllers\Countries))
#6 /var/www/html/vendor/codeigniter4/framework/system/CodeIgniter.php(312): CodeIgniter\CodeIgniter->handleRequest(NULL, Object(Config\Cache), false)
#7 /var/www/html/public/index.php(45): CodeIgniter\CodeIgniter->run()
#8 {main}
CRITICAL - 2020-11-02 19:31:49 --> Unable to connect to the database.
#0 /var/www/html/vendor/codeigniter4/framework/system/Database/BaseConnection.php(646): CodeIgniter\Database\BaseConnection->initialize()
#1 /var/www/html/vendor/codeigniter4/framework/system/Database/BaseBuilder.php(1860): CodeIgniter\Database\BaseConnection->query('SELECT *\nFROM `...', Array, false)
#2 /var/www/html/vendor/codeigniter4/framework/system/Model.php(462): CodeIgniter\Database\BaseBuilder->get()
#3 /var/www/html/app/Controllers/Contacts.php(14): CodeIgniter\Model->findAll()
#4 /var/www/html/vendor/codeigniter4/framework/system/CodeIgniter.php(918): App\Controllers\Contacts->index()
#5 /var/www/html/vendor/codeigniter4/framework/system/CodeIgniter.php(404): CodeIgniter\CodeIgniter->runController(Object(App\Controllers\Contacts))
#6 /var/www/html/vendor/codeigniter4/framework/system/CodeIgniter.php(312): CodeIgniter\CodeIgniter->handleRequest(NULL, Object(Config\Cache), false)
#7 /var/www/html/public/index.php(45): CodeIgniter\CodeIgniter->run()
#8 {main}
CRITICAL - 2020-11-02 19:39:54 --> Unable to connect to the database.
#0 /var/www/html/vendor/codeigniter4/framework/system/Database/BaseConnection.php(646): CodeIgniter\Database\BaseConnection->initialize()
#1 /var/www/html/vendor/codeigniter4/framework/system/Database/BaseBuilder.php(1860): CodeIgniter\Database\BaseConnection->query('SELECT *\nFROM `...', Array, false)
#2 /var/www/html/vendor/codeigniter4/framework/system/Model.php(462): CodeIgniter\Database\BaseBuilder->get()
#3 /var/www/html/app/Controllers/Countries.php(14): CodeIgniter\Model->findAll()
#4 /var/www/html/vendor/codeigniter4/framework/system/CodeIgniter.php(918): App\Controllers\Countries->index()
#5 /var/www/html/vendor/codeigniter4/framework/system/CodeIgniter.php(404): CodeIgniter\CodeIgniter->runController(Object(App\Controllers\Countries))
#6 /var/www/html/vendor/codeigniter4/framework/system/CodeIgniter.php(312): CodeIgniter\CodeIgniter->handleRequest(NULL, Object(Config\Cache), false)
#7 /var/www/html/public/index.php(45): CodeIgniter\CodeIgniter->run()
#8 {main}
CRITICAL - 2020-11-02 19:39:54 --> Unable to connect to the database.
#0 /var/www/html/vendor/codeigniter4/framework/system/Database/BaseConnection.php(646): CodeIgniter\Database\BaseConnection->initialize()
#1 /var/www/html/vendor/codeigniter4/framework/system/Database/BaseBuilder.php(1860): CodeIgniter\Database\BaseConnection->query('SELECT *\nFROM `...', Array, false)
#2 /var/www/html/vendor/codeigniter4/framework/system/Model.php(462): CodeIgniter\Database\BaseBuilder->get()
#3 /var/www/html/app/Controllers/Contacts.php(14): CodeIgniter\Model->findAll()
#4 /var/www/html/vendor/codeigniter4/framework/system/CodeIgniter.php(918): App\Controllers\Contacts->index()
#5 /var/www/html/vendor/codeigniter4/framework/system/CodeIgniter.php(404): CodeIgniter\CodeIgniter->runController(Object(App\Controllers\Contacts))
#6 /var/www/html/vendor/codeigniter4/framework/system/CodeIgniter.php(312): CodeIgniter\CodeIgniter->handleRequest(NULL, Object(Config\Cache), false)
#7 /var/www/html/public/index.php(45): CodeIgniter\CodeIgniter->run()
#8 {main}
CRITICAL - 2020-11-02 19:40:06 --> Unable to connect to the database.
#0 /var/www/html/vendor/codeigniter4/framework/system/Database/BaseConnection.php(646): CodeIgniter\Database\BaseConnection->initialize()
#1 /var/www/html/vendor/codeigniter4/framework/system/Database/BaseBuilder.php(2249): CodeIgniter\Database\BaseConnection->query('INSERT INTO `Co...', Array, false)
#2 /var/www/html/vendor/codeigniter4/framework/system/Model.php(755): CodeIgniter\Database\BaseBuilder->insert()
#3 /var/www/html/app/Controllers/Contacts.php(26): CodeIgniter\Model->insert(Array)
#4 /var/www/html/vendor/codeigniter4/framework/system/CodeIgniter.php(918): App\Controllers\Contacts->create()
#5 /var/www/html/vendor/codeigniter4/framework/system/CodeIgniter.php(404): CodeIgniter\CodeIgniter->runController(Object(App\Controllers\Contacts))
#6 /var/www/html/vendor/codeigniter4/framework/system/CodeIgniter.php(312): CodeIgniter\CodeIgniter->handleRequest(NULL, Object(Config\Cache), false)
#7 /var/www/html/public/index.php(45): CodeIgniter\CodeIgniter->run()
#8 {main}
