CRITICAL - 2020-10-29 09:27:09 --> Unable to connect to the database.
#0 /home/rads/Projetos/Bravi Test/bravi-contact-list-api-ci4/vendor/codeigniter4/framework/system/Database/BaseConnection.php(646): CodeIgniter\Database\BaseConnection->initialize()
#1 /home/rads/Projetos/Bravi Test/bravi-contact-list-api-ci4/vendor/codeigniter4/framework/system/Database/BaseBuilder.php(1860): CodeIgniter\Database\BaseConnection->query()
#2 /home/rads/Projetos/Bravi Test/bravi-contact-list-api-ci4/vendor/codeigniter4/framework/system/Model.php(462): CodeIgniter\Database\BaseBuilder->get()
#3 /home/rads/Projetos/Bravi Test/bravi-contact-list-api-ci4/app/Controllers/Products.php(15): CodeIgniter\Model->findAll()
#4 /home/rads/Projetos/Bravi Test/bravi-contact-list-api-ci4/vendor/codeigniter4/framework/system/CodeIgniter.php(918): App\Controllers\Products->index()
#5 /home/rads/Projetos/Bravi Test/bravi-contact-list-api-ci4/vendor/codeigniter4/framework/system/CodeIgniter.php(404): CodeIgniter\CodeIgniter->runController()
#6 /home/rads/Projetos/Bravi Test/bravi-contact-list-api-ci4/vendor/codeigniter4/framework/system/CodeIgniter.php(312): CodeIgniter\CodeIgniter->handleRequest()
#7 /home/rads/Projetos/Bravi Test/bravi-contact-list-api-ci4/public/index.php(45): CodeIgniter\CodeIgniter->run()
#8 /home/rads/Projetos/Bravi Test/bravi-contact-list-api-ci4/vendor/codeigniter4/framework/system/Commands/Server/rewrite.php(34): require_once('/home/rads/Proj...')
#9 {main}
CRITICAL - 2020-10-29 09:27:37 --> Unable to connect to the database.
#0 /home/rads/Projetos/Bravi Test/bravi-contact-list-api-ci4/vendor/codeigniter4/framework/system/Database/BaseConnection.php(646): CodeIgniter\Database\BaseConnection->initialize()
#1 /home/rads/Projetos/Bravi Test/bravi-contact-list-api-ci4/vendor/codeigniter4/framework/system/Database/BaseBuilder.php(1860): CodeIgniter\Database\BaseConnection->query()
#2 /home/rads/Projetos/Bravi Test/bravi-contact-list-api-ci4/vendor/codeigniter4/framework/system/Model.php(462): CodeIgniter\Database\BaseBuilder->get()
#3 /home/rads/Projetos/Bravi Test/bravi-contact-list-api-ci4/app/Controllers/Products.php(15): CodeIgniter\Model->findAll()
#4 /home/rads/Projetos/Bravi Test/bravi-contact-list-api-ci4/vendor/codeigniter4/framework/system/CodeIgniter.php(918): App\Controllers\Products->index()
#5 /home/rads/Projetos/Bravi Test/bravi-contact-list-api-ci4/vendor/codeigniter4/framework/system/CodeIgniter.php(404): CodeIgniter\CodeIgniter->runController()
#6 /home/rads/Projetos/Bravi Test/bravi-contact-list-api-ci4/vendor/codeigniter4/framework/system/CodeIgniter.php(312): CodeIgniter\CodeIgniter->handleRequest()
#7 /home/rads/Projetos/Bravi Test/bravi-contact-list-api-ci4/public/index.php(45): CodeIgniter\CodeIgniter->run()
#8 /home/rads/Projetos/Bravi Test/bravi-contact-list-api-ci4/vendor/codeigniter4/framework/system/Commands/Server/rewrite.php(34): require_once('/home/rads/Proj...')
#9 {main}
CRITICAL - 2020-10-29 11:19:13 --> Unable to connect to the database.
#0 /home/rads/Projetos/Bravi Test/bravi-contact-list-api-ci4/vendor/codeigniter4/framework/system/Database/BaseConnection.php(646): CodeIgniter\Database\BaseConnection->initialize()
#1 /home/rads/Projetos/Bravi Test/bravi-contact-list-api-ci4/vendor/codeigniter4/framework/system/Database/BaseBuilder.php(1860): CodeIgniter\Database\BaseConnection->query()
#2 /home/rads/Projetos/Bravi Test/bravi-contact-list-api-ci4/vendor/codeigniter4/framework/system/Model.php(462): CodeIgniter\Database\BaseBuilder->get()
#3 /home/rads/Projetos/Bravi Test/bravi-contact-list-api-ci4/app/Controllers/Products.php(15): CodeIgniter\Model->findAll()
#4 /home/rads/Projetos/Bravi Test/bravi-contact-list-api-ci4/vendor/codeigniter4/framework/system/CodeIgniter.php(918): App\Controllers\Products->index()
#5 /home/rads/Projetos/Bravi Test/bravi-contact-list-api-ci4/vendor/codeigniter4/framework/system/CodeIgniter.php(404): CodeIgniter\CodeIgniter->runController()
#6 /home/rads/Projetos/Bravi Test/bravi-contact-list-api-ci4/vendor/codeigniter4/framework/system/CodeIgniter.php(312): CodeIgniter\CodeIgniter->handleRequest()
#7 /home/rads/Projetos/Bravi Test/bravi-contact-list-api-ci4/public/index.php(45): CodeIgniter\CodeIgniter->run()
#8 /home/rads/Projetos/Bravi Test/bravi-contact-list-api-ci4/vendor/codeigniter4/framework/system/Commands/Server/rewrite.php(34): require_once('/home/rads/Proj...')
#9 {main}
CRITICAL - 2020-10-29 11:23:05 --> Unable to connect to the database.
#0 /home/rads/Projetos/Bravi Test/bravi-contact-list-api-ci4/vendor/codeigniter4/framework/system/Database/BaseConnection.php(646): CodeIgniter\Database\BaseConnection->initialize()
#1 /home/rads/Projetos/Bravi Test/bravi-contact-list-api-ci4/vendor/codeigniter4/framework/system/Database/BaseBuilder.php(1860): CodeIgniter\Database\BaseConnection->query()
#2 /home/rads/Projetos/Bravi Test/bravi-contact-list-api-ci4/vendor/codeigniter4/framework/system/Model.php(462): CodeIgniter\Database\BaseBuilder->get()
#3 /home/rads/Projetos/Bravi Test/bravi-contact-list-api-ci4/app/Controllers/Products.php(15): CodeIgniter\Model->findAll()
#4 /home/rads/Projetos/Bravi Test/bravi-contact-list-api-ci4/vendor/codeigniter4/framework/system/CodeIgniter.php(918): App\Controllers\Products->index()
#5 /home/rads/Projetos/Bravi Test/bravi-contact-list-api-ci4/vendor/codeigniter4/framework/system/CodeIgniter.php(404): CodeIgniter\CodeIgniter->runController()
#6 /home/rads/Projetos/Bravi Test/bravi-contact-list-api-ci4/vendor/codeigniter4/framework/system/CodeIgniter.php(312): CodeIgniter\CodeIgniter->handleRequest()
#7 /home/rads/Projetos/Bravi Test/bravi-contact-list-api-ci4/public/index.php(45): CodeIgniter\CodeIgniter->run()
#8 /home/rads/Projetos/Bravi Test/bravi-contact-list-api-ci4/vendor/codeigniter4/framework/system/Commands/Server/rewrite.php(34): require_once('/home/rads/Proj...')
#9 {main}
CRITICAL - 2020-10-29 11:23:19 --> Unable to connect to the database.
#0 /home/rads/Projetos/Bravi Test/bravi-contact-list-api-ci4/vendor/codeigniter4/framework/system/Database/BaseConnection.php(646): CodeIgniter\Database\BaseConnection->initialize()
#1 /home/rads/Projetos/Bravi Test/bravi-contact-list-api-ci4/vendor/codeigniter4/framework/system/Database/BaseBuilder.php(1860): CodeIgniter\Database\BaseConnection->query()
#2 /home/rads/Projetos/Bravi Test/bravi-contact-list-api-ci4/vendor/codeigniter4/framework/system/Model.php(462): CodeIgniter\Database\BaseBuilder->get()
#3 /home/rads/Projetos/Bravi Test/bravi-contact-list-api-ci4/app/Controllers/Products.php(15): CodeIgniter\Model->findAll()
#4 /home/rads/Projetos/Bravi Test/bravi-contact-list-api-ci4/vendor/codeigniter4/framework/system/CodeIgniter.php(918): App\Controllers\Products->index()
#5 /home/rads/Projetos/Bravi Test/bravi-contact-list-api-ci4/vendor/codeigniter4/framework/system/CodeIgniter.php(404): CodeIgniter\CodeIgniter->runController()
#6 /home/rads/Projetos/Bravi Test/bravi-contact-list-api-ci4/vendor/codeigniter4/framework/system/CodeIgniter.php(312): CodeIgniter\CodeIgniter->handleRequest()
#7 /home/rads/Projetos/Bravi Test/bravi-contact-list-api-ci4/public/index.php(45): CodeIgniter\CodeIgniter->run()
#8 /home/rads/Projetos/Bravi Test/bravi-contact-list-api-ci4/vendor/codeigniter4/framework/system/Commands/Server/rewrite.php(34): require_once('/home/rads/Proj...')
#9 {main}
CRITICAL - 2020-10-29 11:24:22 --> Unable to connect to the database.
#0 /home/rads/Projetos/Bravi Test/bravi-contact-list-api-ci4/vendor/codeigniter4/framework/system/Database/BaseConnection.php(646): CodeIgniter\Database\BaseConnection->initialize()
#1 /home/rads/Projetos/Bravi Test/bravi-contact-list-api-ci4/vendor/codeigniter4/framework/system/Database/BaseBuilder.php(2019): CodeIgniter\Database\BaseConnection->query()
#2 /home/rads/Projetos/Bravi Test/bravi-contact-list-api-ci4/vendor/codeigniter4/framework/system/Model.php(1818): CodeIgniter\Database\BaseBuilder->getWhere()
#3 /home/rads/Projetos/Bravi Test/bravi-contact-list-api-ci4/app/Controllers/Products.php(23): CodeIgniter\Model->__call()
#4 /home/rads/Projetos/Bravi Test/bravi-contact-list-api-ci4/vendor/codeigniter4/framework/system/CodeIgniter.php(918): App\Controllers\Products->show()
#5 /home/rads/Projetos/Bravi Test/bravi-contact-list-api-ci4/vendor/codeigniter4/framework/system/CodeIgniter.php(404): CodeIgniter\CodeIgniter->runController()
#6 /home/rads/Projetos/Bravi Test/bravi-contact-list-api-ci4/vendor/codeigniter4/framework/system/CodeIgniter.php(312): CodeIgniter\CodeIgniter->handleRequest()
#7 /home/rads/Projetos/Bravi Test/bravi-contact-list-api-ci4/public/index.php(45): CodeIgniter\CodeIgniter->run()
#8 /home/rads/Projetos/Bravi Test/bravi-contact-list-api-ci4/vendor/codeigniter4/framework/system/Commands/Server/rewrite.php(34): require_once('/home/rads/Proj...')
#9 {main}
CRITICAL - 2020-10-29 14:05:11 --> Unable to connect to the database.
#0 /home/rads/Projetos/Bravi Test/bravi-contact-list-api-ci4/vendor/codeigniter4/framework/system/Database/BaseConnection.php(646): CodeIgniter\Database\BaseConnection->initialize()
#1 /home/rads/Projetos/Bravi Test/bravi-contact-list-api-ci4/vendor/codeigniter4/framework/system/Database/BaseBuilder.php(1860): CodeIgniter\Database\BaseConnection->query()
#2 /home/rads/Projetos/Bravi Test/bravi-contact-list-api-ci4/vendor/codeigniter4/framework/system/Model.php(462): CodeIgniter\Database\BaseBuilder->get()
#3 /home/rads/Projetos/Bravi Test/bravi-contact-list-api-ci4/app/Controllers/Employee.php(15): CodeIgniter\Model->findAll()
#4 /home/rads/Projetos/Bravi Test/bravi-contact-list-api-ci4/vendor/codeigniter4/framework/system/CodeIgniter.php(918): App\Controllers\Employee->index()
#5 /home/rads/Projetos/Bravi Test/bravi-contact-list-api-ci4/vendor/codeigniter4/framework/system/CodeIgniter.php(404): CodeIgniter\CodeIgniter->runController()
#6 /home/rads/Projetos/Bravi Test/bravi-contact-list-api-ci4/vendor/codeigniter4/framework/system/CodeIgniter.php(312): CodeIgniter\CodeIgniter->handleRequest()
#7 /home/rads/Projetos/Bravi Test/bravi-contact-list-api-ci4/public/index.php(45): CodeIgniter\CodeIgniter->run()
#8 /home/rads/Projetos/Bravi Test/bravi-contact-list-api-ci4/vendor/codeigniter4/framework/system/Commands/Server/rewrite.php(34): require_once('/home/rads/Proj...')
#9 {main}
CRITICAL - 2020-10-29 14:07:02 --> Unable to connect to the database.
#0 /home/rads/Projetos/Bravi Test/bravi-contact-list-api-ci4/vendor/codeigniter4/framework/system/Database/BaseConnection.php(646): CodeIgniter\Database\BaseConnection->initialize()
#1 /home/rads/Projetos/Bravi Test/bravi-contact-list-api-ci4/vendor/codeigniter4/framework/system/Database/BaseBuilder.php(1860): CodeIgniter\Database\BaseConnection->query()
#2 /home/rads/Projetos/Bravi Test/bravi-contact-list-api-ci4/vendor/codeigniter4/framework/system/Model.php(462): CodeIgniter\Database\BaseBuilder->get()
#3 /home/rads/Projetos/Bravi Test/bravi-contact-list-api-ci4/app/Controllers/Employee.php(15): CodeIgniter\Model->findAll()
#4 /home/rads/Projetos/Bravi Test/bravi-contact-list-api-ci4/vendor/codeigniter4/framework/system/CodeIgniter.php(918): App\Controllers\Employee->index()
#5 /home/rads/Projetos/Bravi Test/bravi-contact-list-api-ci4/vendor/codeigniter4/framework/system/CodeIgniter.php(404): CodeIgniter\CodeIgniter->runController()
#6 /home/rads/Projetos/Bravi Test/bravi-contact-list-api-ci4/vendor/codeigniter4/framework/system/CodeIgniter.php(312): CodeIgniter\CodeIgniter->handleRequest()
#7 /home/rads/Projetos/Bravi Test/bravi-contact-list-api-ci4/public/index.php(45): CodeIgniter\CodeIgniter->run()
#8 /home/rads/Projetos/Bravi Test/bravi-contact-list-api-ci4/vendor/codeigniter4/framework/system/Commands/Server/rewrite.php(34): require_once('/home/rads/Proj...')
#9 {main}
CRITICAL - 2020-10-29 15:53:54 --> Unable to connect to the database.
#0 /home/rads/Projetos/Bravi Test/bravi-contact-list-api-ci4/vendor/codeigniter4/framework/system/Database/BaseConnection.php(646): CodeIgniter\Database\BaseConnection->initialize()
#1 /home/rads/Projetos/Bravi Test/bravi-contact-list-api-ci4/vendor/codeigniter4/framework/system/Database/BaseBuilder.php(1860): CodeIgniter\Database\BaseConnection->query()
#2 /home/rads/Projetos/Bravi Test/bravi-contact-list-api-ci4/vendor/codeigniter4/framework/system/Model.php(462): CodeIgniter\Database\BaseBuilder->get()
#3 /home/rads/Projetos/Bravi Test/bravi-contact-list-api-ci4/app/Controllers/Employee.php(15): CodeIgniter\Model->findAll()
#4 /home/rads/Projetos/Bravi Test/bravi-contact-list-api-ci4/vendor/codeigniter4/framework/system/CodeIgniter.php(918): App\Controllers\Employee->index()
#5 /home/rads/Projetos/Bravi Test/bravi-contact-list-api-ci4/vendor/codeigniter4/framework/system/CodeIgniter.php(404): CodeIgniter\CodeIgniter->runController()
#6 /home/rads/Projetos/Bravi Test/bravi-contact-list-api-ci4/vendor/codeigniter4/framework/system/CodeIgniter.php(312): CodeIgniter\CodeIgniter->handleRequest()
#7 /home/rads/Projetos/Bravi Test/bravi-contact-list-api-ci4/public/index.php(45): CodeIgniter\CodeIgniter->run()
#8 /home/rads/Projetos/Bravi Test/bravi-contact-list-api-ci4/vendor/codeigniter4/framework/system/Commands/Server/rewrite.php(34): require_once('/home/rads/Proj...')
#9 {main}
CRITICAL - 2020-10-29 16:09:38 --> Unable to connect to the database.
#0 /home/rads/Projetos/Bravi Test/bravi-contact-list-api-ci4/vendor/codeigniter4/framework/system/Database/BaseConnection.php(646): CodeIgniter\Database\BaseConnection->initialize()
#1 /home/rads/Projetos/Bravi Test/bravi-contact-list-api-ci4/vendor/codeigniter4/framework/system/Database/BaseBuilder.php(1860): CodeIgniter\Database\BaseConnection->query()
#2 /home/rads/Projetos/Bravi Test/bravi-contact-list-api-ci4/vendor/codeigniter4/framework/system/Model.php(462): CodeIgniter\Database\BaseBuilder->get()
#3 /home/rads/Projetos/Bravi Test/bravi-contact-list-api-ci4/app/Controllers/Employee.php(15): CodeIgniter\Model->findAll()
#4 /home/rads/Projetos/Bravi Test/bravi-contact-list-api-ci4/vendor/codeigniter4/framework/system/CodeIgniter.php(918): App\Controllers\Employee->index()
#5 /home/rads/Projetos/Bravi Test/bravi-contact-list-api-ci4/vendor/codeigniter4/framework/system/CodeIgniter.php(404): CodeIgniter\CodeIgniter->runController()
#6 /home/rads/Projetos/Bravi Test/bravi-contact-list-api-ci4/vendor/codeigniter4/framework/system/CodeIgniter.php(312): CodeIgniter\CodeIgniter->handleRequest()
#7 /home/rads/Projetos/Bravi Test/bravi-contact-list-api-ci4/public/index.php(45): CodeIgniter\CodeIgniter->run()
#8 /home/rads/Projetos/Bravi Test/bravi-contact-list-api-ci4/vendor/codeigniter4/framework/system/Commands/Server/rewrite.php(34): require_once('/home/rads/Proj...')
#9 {main}
CRITICAL - 2020-10-29 16:13:24 --> Unable to connect to the database.
#0 /home/rads/Projetos/Bravi Test/bravi-contact-list-api-ci4/vendor/codeigniter4/framework/system/Database/BaseConnection.php(646): CodeIgniter\Database\BaseConnection->initialize()
#1 /home/rads/Projetos/Bravi Test/bravi-contact-list-api-ci4/vendor/codeigniter4/framework/system/Database/BaseBuilder.php(1860): CodeIgniter\Database\BaseConnection->query()
#2 /home/rads/Projetos/Bravi Test/bravi-contact-list-api-ci4/vendor/codeigniter4/framework/system/Model.php(462): CodeIgniter\Database\BaseBuilder->get()
#3 /home/rads/Projetos/Bravi Test/bravi-contact-list-api-ci4/app/Controllers/Employee.php(15): CodeIgniter\Model->findAll()
#4 /home/rads/Projetos/Bravi Test/bravi-contact-list-api-ci4/vendor/codeigniter4/framework/system/CodeIgniter.php(918): App\Controllers\Employee->index()
#5 /home/rads/Projetos/Bravi Test/bravi-contact-list-api-ci4/vendor/codeigniter4/framework/system/CodeIgniter.php(404): CodeIgniter\CodeIgniter->runController()
#6 /home/rads/Projetos/Bravi Test/bravi-contact-list-api-ci4/vendor/codeigniter4/framework/system/CodeIgniter.php(312): CodeIgniter\CodeIgniter->handleRequest()
#7 /home/rads/Projetos/Bravi Test/bravi-contact-list-api-ci4/public/index.php(45): CodeIgniter\CodeIgniter->run()
#8 /home/rads/Projetos/Bravi Test/bravi-contact-list-api-ci4/vendor/codeigniter4/framework/system/Commands/Server/rewrite.php(34): require_once('/home/rads/Proj...')
#9 {main}
CRITICAL - 2020-10-29 16:25:07 --> Unable to connect to the database.
#0 /home/rads/Projetos/Bravi Test/bravi-contact-list-api-ci4/vendor/codeigniter4/framework/system/Database/BaseConnection.php(646): CodeIgniter\Database\BaseConnection->initialize()
#1 /home/rads/Projetos/Bravi Test/bravi-contact-list-api-ci4/vendor/codeigniter4/framework/system/Database/BaseBuilder.php(1860): CodeIgniter\Database\BaseConnection->query()
#2 /home/rads/Projetos/Bravi Test/bravi-contact-list-api-ci4/vendor/codeigniter4/framework/system/Model.php(462): CodeIgniter\Database\BaseBuilder->get()
#3 /home/rads/Projetos/Bravi Test/bravi-contact-list-api-ci4/app/Controllers/Employee.php(15): CodeIgniter\Model->findAll()
#4 /home/rads/Projetos/Bravi Test/bravi-contact-list-api-ci4/vendor/codeigniter4/framework/system/CodeIgniter.php(918): App\Controllers\Employee->index()
#5 /home/rads/Projetos/Bravi Test/bravi-contact-list-api-ci4/vendor/codeigniter4/framework/system/CodeIgniter.php(404): CodeIgniter\CodeIgniter->runController()
#6 /home/rads/Projetos/Bravi Test/bravi-contact-list-api-ci4/vendor/codeigniter4/framework/system/CodeIgniter.php(312): CodeIgniter\CodeIgniter->handleRequest()
#7 /home/rads/Projetos/Bravi Test/bravi-contact-list-api-ci4/public/index.php(45): CodeIgniter\CodeIgniter->run()
#8 /home/rads/Projetos/Bravi Test/bravi-contact-list-api-ci4/vendor/codeigniter4/framework/system/Commands/Server/rewrite.php(34): require_once('/home/rads/Proj...')
#9 {main}
CRITICAL - 2020-10-29 16:27:32 --> Unable to connect to the database.
#0 /home/rads/Projetos/Bravi Test/bravi-contact-list-api-ci4/vendor/codeigniter4/framework/system/Database/BaseConnection.php(646): CodeIgniter\Database\BaseConnection->initialize()
#1 /home/rads/Projetos/Bravi Test/bravi-contact-list-api-ci4/vendor/codeigniter4/framework/system/Database/BaseBuilder.php(1860): CodeIgniter\Database\BaseConnection->query()
#2 /home/rads/Projetos/Bravi Test/bravi-contact-list-api-ci4/vendor/codeigniter4/framework/system/Model.php(462): CodeIgniter\Database\BaseBuilder->get()
#3 /home/rads/Projetos/Bravi Test/bravi-contact-list-api-ci4/app/Controllers/Employee.php(15): CodeIgniter\Model->findAll()
#4 /home/rads/Projetos/Bravi Test/bravi-contact-list-api-ci4/vendor/codeigniter4/framework/system/CodeIgniter.php(918): App\Controllers\Employee->index()
#5 /home/rads/Projetos/Bravi Test/bravi-contact-list-api-ci4/vendor/codeigniter4/framework/system/CodeIgniter.php(404): CodeIgniter\CodeIgniter->runController()
#6 /home/rads/Projetos/Bravi Test/bravi-contact-list-api-ci4/vendor/codeigniter4/framework/system/CodeIgniter.php(312): CodeIgniter\CodeIgniter->handleRequest()
#7 /home/rads/Projetos/Bravi Test/bravi-contact-list-api-ci4/public/index.php(45): CodeIgniter\CodeIgniter->run()
#8 /home/rads/Projetos/Bravi Test/bravi-contact-list-api-ci4/vendor/codeigniter4/framework/system/Commands/Server/rewrite.php(34): require_once('/home/rads/Proj...')
#9 {main}
CRITICAL - 2020-10-29 16:30:37 --> Unable to connect to the database.
#0 /home/rads/Projetos/Bravi Test/bravi-contact-list-api-ci4/vendor/codeigniter4/framework/system/Database/BaseConnection.php(646): CodeIgniter\Database\BaseConnection->initialize()
#1 /home/rads/Projetos/Bravi Test/bravi-contact-list-api-ci4/vendor/codeigniter4/framework/system/Database/BaseBuilder.php(1860): CodeIgniter\Database\BaseConnection->query()
#2 /home/rads/Projetos/Bravi Test/bravi-contact-list-api-ci4/vendor/codeigniter4/framework/system/Model.php(462): CodeIgniter\Database\BaseBuilder->get()
#3 /home/rads/Projetos/Bravi Test/bravi-contact-list-api-ci4/app/Controllers/Employee.php(15): CodeIgniter\Model->findAll()
#4 /home/rads/Projetos/Bravi Test/bravi-contact-list-api-ci4/vendor/codeigniter4/framework/system/CodeIgniter.php(918): App\Controllers\Employee->index()
#5 /home/rads/Projetos/Bravi Test/bravi-contact-list-api-ci4/vendor/codeigniter4/framework/system/CodeIgniter.php(404): CodeIgniter\CodeIgniter->runController()
#6 /home/rads/Projetos/Bravi Test/bravi-contact-list-api-ci4/vendor/codeigniter4/framework/system/CodeIgniter.php(312): CodeIgniter\CodeIgniter->handleRequest()
#7 /home/rads/Projetos/Bravi Test/bravi-contact-list-api-ci4/public/index.php(45): CodeIgniter\CodeIgniter->run()
#8 /home/rads/Projetos/Bravi Test/bravi-contact-list-api-ci4/vendor/codeigniter4/framework/system/Commands/Server/rewrite.php(34): require_once('/home/rads/Proj...')
#9 {main}
CRITICAL - 2020-10-29 17:21:20 --> Table 'bravi_contact_list.employees' doesn't exist
#0 /home/rads/Projetos/Bravi Test/bravi-contact-list-api-ci4/vendor/codeigniter4/framework/system/Database/MySQLi/Connection.php(331): mysqli->query()
#1 /home/rads/Projetos/Bravi Test/bravi-contact-list-api-ci4/vendor/codeigniter4/framework/system/Database/BaseConnection.php(741): CodeIgniter\Database\MySQLi\Connection->execute()
#2 /home/rads/Projetos/Bravi Test/bravi-contact-list-api-ci4/vendor/codeigniter4/framework/system/Database/BaseConnection.php(669): CodeIgniter\Database\BaseConnection->simpleQuery()
#3 /home/rads/Projetos/Bravi Test/bravi-contact-list-api-ci4/vendor/codeigniter4/framework/system/Database/BaseBuilder.php(1860): CodeIgniter\Database\BaseConnection->query()
#4 /home/rads/Projetos/Bravi Test/bravi-contact-list-api-ci4/vendor/codeigniter4/framework/system/Model.php(462): CodeIgniter\Database\BaseBuilder->get()
#5 /home/rads/Projetos/Bravi Test/bravi-contact-list-api-ci4/app/Controllers/Employee.php(15): CodeIgniter\Model->findAll()
#6 /home/rads/Projetos/Bravi Test/bravi-contact-list-api-ci4/vendor/codeigniter4/framework/system/CodeIgniter.php(918): App\Controllers\Employee->index()
#7 /home/rads/Projetos/Bravi Test/bravi-contact-list-api-ci4/vendor/codeigniter4/framework/system/CodeIgniter.php(404): CodeIgniter\CodeIgniter->runController()
#8 /home/rads/Projetos/Bravi Test/bravi-contact-list-api-ci4/vendor/codeigniter4/framework/system/CodeIgniter.php(312): CodeIgniter\CodeIgniter->handleRequest()
#9 /home/rads/Projetos/Bravi Test/bravi-contact-list-api-ci4/public/index.php(45): CodeIgniter\CodeIgniter->run()
#10 /home/rads/Projetos/Bravi Test/bravi-contact-list-api-ci4/vendor/codeigniter4/framework/system/Commands/Server/rewrite.php(34): require_once('/home/rads/Proj...')
#11 {main}
CRITICAL - 2020-10-29 19:48:28 --> Unknown column 'code' in 'where clause'
#0 /home/rads/Projetos/Bravi Test/bravi-contact-list-api-ci4/vendor/codeigniter4/framework/system/Database/MySQLi/Connection.php(331): mysqli->query()
#1 /home/rads/Projetos/Bravi Test/bravi-contact-list-api-ci4/vendor/codeigniter4/framework/system/Database/BaseConnection.php(741): CodeIgniter\Database\MySQLi\Connection->execute()
#2 /home/rads/Projetos/Bravi Test/bravi-contact-list-api-ci4/vendor/codeigniter4/framework/system/Database/BaseConnection.php(669): CodeIgniter\Database\BaseConnection->simpleQuery()
#3 /home/rads/Projetos/Bravi Test/bravi-contact-list-api-ci4/vendor/codeigniter4/framework/system/Database/BaseBuilder.php(1860): CodeIgniter\Database\BaseConnection->query()
#4 /home/rads/Projetos/Bravi Test/bravi-contact-list-api-ci4/vendor/codeigniter4/framework/system/Model.php(506): CodeIgniter\Database\BaseBuilder->get()
#5 /home/rads/Projetos/Bravi Test/bravi-contact-list-api-ci4/app/Controllers/Countries.php(21): CodeIgniter\Model->first()
#6 /home/rads/Projetos/Bravi Test/bravi-contact-list-api-ci4/vendor/codeigniter4/framework/system/CodeIgniter.php(918): App\Controllers\Countries->getCountry()
#7 /home/rads/Projetos/Bravi Test/bravi-contact-list-api-ci4/vendor/codeigniter4/framework/system/CodeIgniter.php(404): CodeIgniter\CodeIgniter->runController()
#8 /home/rads/Projetos/Bravi Test/bravi-contact-list-api-ci4/vendor/codeigniter4/framework/system/CodeIgniter.php(312): CodeIgniter\CodeIgniter->handleRequest()
#9 /home/rads/Projetos/Bravi Test/bravi-contact-list-api-ci4/public/index.php(45): CodeIgniter\CodeIgniter->run()
#10 /home/rads/Projetos/Bravi Test/bravi-contact-list-api-ci4/vendor/codeigniter4/framework/system/Commands/Server/rewrite.php(34): require_once('/home/rads/Proj...')
#11 {main}
