CRITICAL - 2020-11-01 14:10:07 --> syntax error, unexpected ''Contacts::getRegistered'' (T_CONSTANT_ENCAPSED_STRING), expecting ')'
#0 /home/rads/Projetos/Bravi Test/bravi-contact-list-api/vendor/codeigniter4/framework/system/CodeIgniter.php(364): CodeIgniter\CodeIgniter->tryToRouteIt()
#1 /home/rads/Projetos/Bravi Test/bravi-contact-list-api/vendor/codeigniter4/framework/system/CodeIgniter.php(312): CodeIgniter\CodeIgniter->handleRequest()
#2 /home/rads/Projetos/Bravi Test/bravi-contact-list-api/vendor/codeigniter4/framework/system/CLI/Console.php(86): CodeIgniter\CodeIgniter->run()
#3 /home/rads/Projetos/Bravi Test/bravi-contact-list-api/spark(57): CodeIgniter\CLI\Console->run()
#4 {main}
CRITICAL - 2020-11-01 14:16:39 --> Undefined index: firstname
#0 /home/rads/Projetos/Bravi Test/bravi-contact-list-api/app/Controllers/Contacts.php(27): CodeIgniter\Debug\Exceptions->errorHandler()
#1 /home/rads/Projetos/Bravi Test/bravi-contact-list-api/vendor/codeigniter4/framework/system/CodeIgniter.php(918): App\Controllers\Contacts->create()
#2 /home/rads/Projetos/Bravi Test/bravi-contact-list-api/vendor/codeigniter4/framework/system/CodeIgniter.php(404): CodeIgniter\CodeIgniter->runController()
#3 /home/rads/Projetos/Bravi Test/bravi-contact-list-api/vendor/codeigniter4/framework/system/CodeIgniter.php(312): CodeIgniter\CodeIgniter->handleRequest()
#4 /home/rads/Projetos/Bravi Test/bravi-contact-list-api/public/index.php(45): CodeIgniter\CodeIgniter->run()
#5 /home/rads/Projetos/Bravi Test/bravi-contact-list-api/vendor/codeigniter4/framework/system/Commands/Server/rewrite.php(34): require_once('/home/rads/Proj...')
#6 {main}
CRITICAL - 2020-11-01 14:36:24 --> Undefined index: firstname
#0 /home/rads/Projetos/Bravi Test/bravi-contact-list-api/app/Controllers/Contacts.php(27): CodeIgniter\Debug\Exceptions->errorHandler()
#1 /home/rads/Projetos/Bravi Test/bravi-contact-list-api/vendor/codeigniter4/framework/system/CodeIgniter.php(918): App\Controllers\Contacts->create()
#2 /home/rads/Projetos/Bravi Test/bravi-contact-list-api/vendor/codeigniter4/framework/system/CodeIgniter.php(404): CodeIgniter\CodeIgniter->runController()
#3 /home/rads/Projetos/Bravi Test/bravi-contact-list-api/vendor/codeigniter4/framework/system/CodeIgniter.php(312): CodeIgniter\CodeIgniter->handleRequest()
#4 /home/rads/Projetos/Bravi Test/bravi-contact-list-api/public/index.php(45): CodeIgniter\CodeIgniter->run()
#5 /home/rads/Projetos/Bravi Test/bravi-contact-list-api/vendor/codeigniter4/framework/system/Commands/Server/rewrite.php(34): require_once('/home/rads/Proj...')
#6 {main}
CRITICAL - 2020-11-01 16:09:38 --> Column 'contact_firstname' cannot be null
#0 /home/rads/Projetos/Bravi Test/bravi-contact-list-api/vendor/codeigniter4/framework/system/Database/MySQLi/Connection.php(331): mysqli->query()
#1 /home/rads/Projetos/Bravi Test/bravi-contact-list-api/vendor/codeigniter4/framework/system/Database/BaseConnection.php(741): CodeIgniter\Database\MySQLi\Connection->execute()
#2 /home/rads/Projetos/Bravi Test/bravi-contact-list-api/vendor/codeigniter4/framework/system/Database/BaseConnection.php(669): CodeIgniter\Database\BaseConnection->simpleQuery()
#3 /home/rads/Projetos/Bravi Test/bravi-contact-list-api/vendor/codeigniter4/framework/system/Database/BaseBuilder.php(2249): CodeIgniter\Database\BaseConnection->query()
#4 /home/rads/Projetos/Bravi Test/bravi-contact-list-api/vendor/codeigniter4/framework/system/Model.php(755): CodeIgniter\Database\BaseBuilder->insert()
#5 /home/rads/Projetos/Bravi Test/bravi-contact-list-api/app/Controllers/Contacts.php(26): CodeIgniter\Model->insert()
#6 /home/rads/Projetos/Bravi Test/bravi-contact-list-api/vendor/codeigniter4/framework/system/CodeIgniter.php(918): App\Controllers\Contacts->create()
#7 /home/rads/Projetos/Bravi Test/bravi-contact-list-api/vendor/codeigniter4/framework/system/CodeIgniter.php(404): CodeIgniter\CodeIgniter->runController()
#8 /home/rads/Projetos/Bravi Test/bravi-contact-list-api/vendor/codeigniter4/framework/system/CodeIgniter.php(312): CodeIgniter\CodeIgniter->handleRequest()
#9 /home/rads/Projetos/Bravi Test/bravi-contact-list-api/public/index.php(45): CodeIgniter\CodeIgniter->run()
#10 /home/rads/Projetos/Bravi Test/bravi-contact-list-api/vendor/codeigniter4/framework/system/Commands/Server/rewrite.php(34): require_once('/home/rads/Proj...')
#11 {main}
CRITICAL - 2020-11-01 16:18:11 --> Column 'contact_firstname' cannot be null
#0 /home/rads/Projetos/Bravi Test/bravi-contact-list-api/vendor/codeigniter4/framework/system/Database/MySQLi/Connection.php(331): mysqli->query()
#1 /home/rads/Projetos/Bravi Test/bravi-contact-list-api/vendor/codeigniter4/framework/system/Database/BaseConnection.php(741): CodeIgniter\Database\MySQLi\Connection->execute()
#2 /home/rads/Projetos/Bravi Test/bravi-contact-list-api/vendor/codeigniter4/framework/system/Database/BaseConnection.php(669): CodeIgniter\Database\BaseConnection->simpleQuery()
#3 /home/rads/Projetos/Bravi Test/bravi-contact-list-api/vendor/codeigniter4/framework/system/Database/BaseBuilder.php(2249): CodeIgniter\Database\BaseConnection->query()
#4 /home/rads/Projetos/Bravi Test/bravi-contact-list-api/vendor/codeigniter4/framework/system/Model.php(755): CodeIgniter\Database\BaseBuilder->insert()
#5 /home/rads/Projetos/Bravi Test/bravi-contact-list-api/app/Controllers/Contacts.php(26): CodeIgniter\Model->insert()
#6 /home/rads/Projetos/Bravi Test/bravi-contact-list-api/vendor/codeigniter4/framework/system/CodeIgniter.php(918): App\Controllers\Contacts->create()
#7 /home/rads/Projetos/Bravi Test/bravi-contact-list-api/vendor/codeigniter4/framework/system/CodeIgniter.php(404): CodeIgniter\CodeIgniter->runController()
#8 /home/rads/Projetos/Bravi Test/bravi-contact-list-api/vendor/codeigniter4/framework/system/CodeIgniter.php(312): CodeIgniter\CodeIgniter->handleRequest()
#9 /home/rads/Projetos/Bravi Test/bravi-contact-list-api/public/index.php(45): CodeIgniter\CodeIgniter->run()
#10 /home/rads/Projetos/Bravi Test/bravi-contact-list-api/vendor/codeigniter4/framework/system/Commands/Server/rewrite.php(34): require_once('/home/rads/Proj...')
#11 {main}
CRITICAL - 2020-11-01 16:33:15 --> Cannot add or update a child row: a foreign key constraint fails (`bravi_contact_list`.`URLs`, CONSTRAINT `fk_url_contact` FOREIGN KEY (`url_contact`) REFERENCES `Contacts` (`contact_id`) ON DELETE CASCADE ON UPDATE CASCADE)
#0 /home/rads/Projetos/Bravi Test/bravi-contact-list-api/vendor/codeigniter4/framework/system/Database/MySQLi/Connection.php(331): mysqli->query()
#1 /home/rads/Projetos/Bravi Test/bravi-contact-list-api/vendor/codeigniter4/framework/system/Database/BaseConnection.php(741): CodeIgniter\Database\MySQLi\Connection->execute()
#2 /home/rads/Projetos/Bravi Test/bravi-contact-list-api/vendor/codeigniter4/framework/system/Database/BaseConnection.php(669): CodeIgniter\Database\BaseConnection->simpleQuery()
#3 /home/rads/Projetos/Bravi Test/bravi-contact-list-api/vendor/codeigniter4/framework/system/Database/BaseBuilder.php(2249): CodeIgniter\Database\BaseConnection->query()
#4 /home/rads/Projetos/Bravi Test/bravi-contact-list-api/vendor/codeigniter4/framework/system/Model.php(755): CodeIgniter\Database\BaseBuilder->insert()
#5 /home/rads/Projetos/Bravi Test/bravi-contact-list-api/app/Controllers/Urls.php(26): CodeIgniter\Model->insert()
#6 /home/rads/Projetos/Bravi Test/bravi-contact-list-api/vendor/codeigniter4/framework/system/CodeIgniter.php(918): App\Controllers\Urls->create()
#7 /home/rads/Projetos/Bravi Test/bravi-contact-list-api/vendor/codeigniter4/framework/system/CodeIgniter.php(404): CodeIgniter\CodeIgniter->runController()
#8 /home/rads/Projetos/Bravi Test/bravi-contact-list-api/vendor/codeigniter4/framework/system/CodeIgniter.php(312): CodeIgniter\CodeIgniter->handleRequest()
#9 /home/rads/Projetos/Bravi Test/bravi-contact-list-api/public/index.php(45): CodeIgniter\CodeIgniter->run()
#10 /home/rads/Projetos/Bravi Test/bravi-contact-list-api/vendor/codeigniter4/framework/system/Commands/Server/rewrite.php(34): require_once('/home/rads/Proj...')
#11 {main}
CRITICAL - 2020-11-01 16:33:22 --> Cannot add or update a child row: a foreign key constraint fails (`bravi_contact_list`.`URLs`, CONSTRAINT `fk_url_contact` FOREIGN KEY (`url_contact`) REFERENCES `Contacts` (`contact_id`) ON DELETE CASCADE ON UPDATE CASCADE)
#0 /home/rads/Projetos/Bravi Test/bravi-contact-list-api/vendor/codeigniter4/framework/system/Database/MySQLi/Connection.php(331): mysqli->query()
#1 /home/rads/Projetos/Bravi Test/bravi-contact-list-api/vendor/codeigniter4/framework/system/Database/BaseConnection.php(741): CodeIgniter\Database\MySQLi\Connection->execute()
#2 /home/rads/Projetos/Bravi Test/bravi-contact-list-api/vendor/codeigniter4/framework/system/Database/BaseConnection.php(669): CodeIgniter\Database\BaseConnection->simpleQuery()
#3 /home/rads/Projetos/Bravi Test/bravi-contact-list-api/vendor/codeigniter4/framework/system/Database/BaseBuilder.php(2249): CodeIgniter\Database\BaseConnection->query()
#4 /home/rads/Projetos/Bravi Test/bravi-contact-list-api/vendor/codeigniter4/framework/system/Model.php(755): CodeIgniter\Database\BaseBuilder->insert()
#5 /home/rads/Projetos/Bravi Test/bravi-contact-list-api/app/Controllers/Urls.php(26): CodeIgniter\Model->insert()
#6 /home/rads/Projetos/Bravi Test/bravi-contact-list-api/vendor/codeigniter4/framework/system/CodeIgniter.php(918): App\Controllers\Urls->create()
#7 /home/rads/Projetos/Bravi Test/bravi-contact-list-api/vendor/codeigniter4/framework/system/CodeIgniter.php(404): CodeIgniter\CodeIgniter->runController()
#8 /home/rads/Projetos/Bravi Test/bravi-contact-list-api/vendor/codeigniter4/framework/system/CodeIgniter.php(312): CodeIgniter\CodeIgniter->handleRequest()
#9 /home/rads/Projetos/Bravi Test/bravi-contact-list-api/public/index.php(45): CodeIgniter\CodeIgniter->run()
#10 /home/rads/Projetos/Bravi Test/bravi-contact-list-api/vendor/codeigniter4/framework/system/Commands/Server/rewrite.php(34): require_once('/home/rads/Proj...')
#11 {main}
CRITICAL - 2020-11-01 16:53:17 --> Column 'contact_firstname' cannot be null
#0 /home/rads/Projetos/Bravi Test/bravi-contact-list-api/vendor/codeigniter4/framework/system/Database/MySQLi/Connection.php(331): mysqli->query()
#1 /home/rads/Projetos/Bravi Test/bravi-contact-list-api/vendor/codeigniter4/framework/system/Database/BaseConnection.php(741): CodeIgniter\Database\MySQLi\Connection->execute()
#2 /home/rads/Projetos/Bravi Test/bravi-contact-list-api/vendor/codeigniter4/framework/system/Database/BaseConnection.php(669): CodeIgniter\Database\BaseConnection->simpleQuery()
#3 /home/rads/Projetos/Bravi Test/bravi-contact-list-api/vendor/codeigniter4/framework/system/Database/BaseBuilder.php(2249): CodeIgniter\Database\BaseConnection->query()
#4 /home/rads/Projetos/Bravi Test/bravi-contact-list-api/vendor/codeigniter4/framework/system/Model.php(755): CodeIgniter\Database\BaseBuilder->insert()
#5 /home/rads/Projetos/Bravi Test/bravi-contact-list-api/app/Controllers/Contacts.php(26): CodeIgniter\Model->insert()
#6 /home/rads/Projetos/Bravi Test/bravi-contact-list-api/vendor/codeigniter4/framework/system/CodeIgniter.php(918): App\Controllers\Contacts->create()
#7 /home/rads/Projetos/Bravi Test/bravi-contact-list-api/vendor/codeigniter4/framework/system/CodeIgniter.php(404): CodeIgniter\CodeIgniter->runController()
#8 /home/rads/Projetos/Bravi Test/bravi-contact-list-api/vendor/codeigniter4/framework/system/CodeIgniter.php(312): CodeIgniter\CodeIgniter->handleRequest()
#9 /home/rads/Projetos/Bravi Test/bravi-contact-list-api/public/index.php(45): CodeIgniter\CodeIgniter->run()
#10 /home/rads/Projetos/Bravi Test/bravi-contact-list-api/vendor/codeigniter4/framework/system/Commands/Server/rewrite.php(34): require_once('/home/rads/Proj...')
#11 {main}
CRITICAL - 2020-11-01 16:53:22 --> Cannot add or update a child row: a foreign key constraint fails (`bravi_contact_list`.`URLs`, CONSTRAINT `fk_url_contact` FOREIGN KEY (`url_contact`) REFERENCES `Contacts` (`contact_id`) ON DELETE CASCADE ON UPDATE CASCADE)
#0 /home/rads/Projetos/Bravi Test/bravi-contact-list-api/vendor/codeigniter4/framework/system/Database/MySQLi/Connection.php(331): mysqli->query()
#1 /home/rads/Projetos/Bravi Test/bravi-contact-list-api/vendor/codeigniter4/framework/system/Database/BaseConnection.php(741): CodeIgniter\Database\MySQLi\Connection->execute()
#2 /home/rads/Projetos/Bravi Test/bravi-contact-list-api/vendor/codeigniter4/framework/system/Database/BaseConnection.php(669): CodeIgniter\Database\BaseConnection->simpleQuery()
#3 /home/rads/Projetos/Bravi Test/bravi-contact-list-api/vendor/codeigniter4/framework/system/Database/BaseBuilder.php(2249): CodeIgniter\Database\BaseConnection->query()
#4 /home/rads/Projetos/Bravi Test/bravi-contact-list-api/vendor/codeigniter4/framework/system/Model.php(755): CodeIgniter\Database\BaseBuilder->insert()
#5 /home/rads/Projetos/Bravi Test/bravi-contact-list-api/app/Controllers/Urls.php(26): CodeIgniter\Model->insert()
#6 /home/rads/Projetos/Bravi Test/bravi-contact-list-api/vendor/codeigniter4/framework/system/CodeIgniter.php(918): App\Controllers\Urls->create()
#7 /home/rads/Projetos/Bravi Test/bravi-contact-list-api/vendor/codeigniter4/framework/system/CodeIgniter.php(404): CodeIgniter\CodeIgniter->runController()
#8 /home/rads/Projetos/Bravi Test/bravi-contact-list-api/vendor/codeigniter4/framework/system/CodeIgniter.php(312): CodeIgniter\CodeIgniter->handleRequest()
#9 /home/rads/Projetos/Bravi Test/bravi-contact-list-api/public/index.php(45): CodeIgniter\CodeIgniter->run()
#10 /home/rads/Projetos/Bravi Test/bravi-contact-list-api/vendor/codeigniter4/framework/system/Commands/Server/rewrite.php(34): require_once('/home/rads/Proj...')
#11 {main}
CRITICAL - 2020-11-01 16:53:41 --> Column 'contact_firstname' cannot be null
#0 /home/rads/Projetos/Bravi Test/bravi-contact-list-api/vendor/codeigniter4/framework/system/Database/MySQLi/Connection.php(331): mysqli->query()
#1 /home/rads/Projetos/Bravi Test/bravi-contact-list-api/vendor/codeigniter4/framework/system/Database/BaseConnection.php(741): CodeIgniter\Database\MySQLi\Connection->execute()
#2 /home/rads/Projetos/Bravi Test/bravi-contact-list-api/vendor/codeigniter4/framework/system/Database/BaseConnection.php(669): CodeIgniter\Database\BaseConnection->simpleQuery()
#3 /home/rads/Projetos/Bravi Test/bravi-contact-list-api/vendor/codeigniter4/framework/system/Database/BaseBuilder.php(2249): CodeIgniter\Database\BaseConnection->query()
#4 /home/rads/Projetos/Bravi Test/bravi-contact-list-api/vendor/codeigniter4/framework/system/Model.php(755): CodeIgniter\Database\BaseBuilder->insert()
#5 /home/rads/Projetos/Bravi Test/bravi-contact-list-api/app/Controllers/Contacts.php(26): CodeIgniter\Model->insert()
#6 /home/rads/Projetos/Bravi Test/bravi-contact-list-api/vendor/codeigniter4/framework/system/CodeIgniter.php(918): App\Controllers\Contacts->create()
#7 /home/rads/Projetos/Bravi Test/bravi-contact-list-api/vendor/codeigniter4/framework/system/CodeIgniter.php(404): CodeIgniter\CodeIgniter->runController()
#8 /home/rads/Projetos/Bravi Test/bravi-contact-list-api/vendor/codeigniter4/framework/system/CodeIgniter.php(312): CodeIgniter\CodeIgniter->handleRequest()
#9 /home/rads/Projetos/Bravi Test/bravi-contact-list-api/public/index.php(45): CodeIgniter\CodeIgniter->run()
#10 /home/rads/Projetos/Bravi Test/bravi-contact-list-api/vendor/codeigniter4/framework/system/Commands/Server/rewrite.php(34): require_once('/home/rads/Proj...')
#11 {main}
CRITICAL - 2020-11-01 16:53:46 --> Column 'contact_firstname' cannot be null
#0 /home/rads/Projetos/Bravi Test/bravi-contact-list-api/vendor/codeigniter4/framework/system/Database/MySQLi/Connection.php(331): mysqli->query()
#1 /home/rads/Projetos/Bravi Test/bravi-contact-list-api/vendor/codeigniter4/framework/system/Database/BaseConnection.php(741): CodeIgniter\Database\MySQLi\Connection->execute()
#2 /home/rads/Projetos/Bravi Test/bravi-contact-list-api/vendor/codeigniter4/framework/system/Database/BaseConnection.php(669): CodeIgniter\Database\BaseConnection->simpleQuery()
#3 /home/rads/Projetos/Bravi Test/bravi-contact-list-api/vendor/codeigniter4/framework/system/Database/BaseBuilder.php(2249): CodeIgniter\Database\BaseConnection->query()
#4 /home/rads/Projetos/Bravi Test/bravi-contact-list-api/vendor/codeigniter4/framework/system/Model.php(755): CodeIgniter\Database\BaseBuilder->insert()
#5 /home/rads/Projetos/Bravi Test/bravi-contact-list-api/app/Controllers/Contacts.php(26): CodeIgniter\Model->insert()
#6 /home/rads/Projetos/Bravi Test/bravi-contact-list-api/vendor/codeigniter4/framework/system/CodeIgniter.php(918): App\Controllers\Contacts->create()
#7 /home/rads/Projetos/Bravi Test/bravi-contact-list-api/vendor/codeigniter4/framework/system/CodeIgniter.php(404): CodeIgniter\CodeIgniter->runController()
#8 /home/rads/Projetos/Bravi Test/bravi-contact-list-api/vendor/codeigniter4/framework/system/CodeIgniter.php(312): CodeIgniter\CodeIgniter->handleRequest()
#9 /home/rads/Projetos/Bravi Test/bravi-contact-list-api/public/index.php(45): CodeIgniter\CodeIgniter->run()
#10 /home/rads/Projetos/Bravi Test/bravi-contact-list-api/vendor/codeigniter4/framework/system/Commands/Server/rewrite.php(34): require_once('/home/rads/Proj...')
#11 {main}
CRITICAL - 2020-11-01 17:06:50 --> Column 'contact_firstname' cannot be null
#0 /home/rads/Projetos/Bravi Test/bravi-contact-list-api/vendor/codeigniter4/framework/system/Database/MySQLi/Connection.php(331): mysqli->query()
#1 /home/rads/Projetos/Bravi Test/bravi-contact-list-api/vendor/codeigniter4/framework/system/Database/BaseConnection.php(741): CodeIgniter\Database\MySQLi\Connection->execute()
#2 /home/rads/Projetos/Bravi Test/bravi-contact-list-api/vendor/codeigniter4/framework/system/Database/BaseConnection.php(669): CodeIgniter\Database\BaseConnection->simpleQuery()
#3 /home/rads/Projetos/Bravi Test/bravi-contact-list-api/vendor/codeigniter4/framework/system/Database/BaseBuilder.php(2249): CodeIgniter\Database\BaseConnection->query()
#4 /home/rads/Projetos/Bravi Test/bravi-contact-list-api/vendor/codeigniter4/framework/system/Model.php(755): CodeIgniter\Database\BaseBuilder->insert()
#5 /home/rads/Projetos/Bravi Test/bravi-contact-list-api/app/Controllers/Contacts.php(26): CodeIgniter\Model->insert()
#6 /home/rads/Projetos/Bravi Test/bravi-contact-list-api/vendor/codeigniter4/framework/system/CodeIgniter.php(918): App\Controllers\Contacts->create()
#7 /home/rads/Projetos/Bravi Test/bravi-contact-list-api/vendor/codeigniter4/framework/system/CodeIgniter.php(404): CodeIgniter\CodeIgniter->runController()
#8 /home/rads/Projetos/Bravi Test/bravi-contact-list-api/vendor/codeigniter4/framework/system/CodeIgniter.php(312): CodeIgniter\CodeIgniter->handleRequest()
#9 /home/rads/Projetos/Bravi Test/bravi-contact-list-api/public/index.php(45): CodeIgniter\CodeIgniter->run()
#10 /home/rads/Projetos/Bravi Test/bravi-contact-list-api/vendor/codeigniter4/framework/system/Commands/Server/rewrite.php(34): require_once('/home/rads/Proj...')
#11 {main}
CRITICAL - 2020-11-01 17:06:58 --> Column 'contact_firstname' cannot be null
#0 /home/rads/Projetos/Bravi Test/bravi-contact-list-api/vendor/codeigniter4/framework/system/Database/MySQLi/Connection.php(331): mysqli->query()
#1 /home/rads/Projetos/Bravi Test/bravi-contact-list-api/vendor/codeigniter4/framework/system/Database/BaseConnection.php(741): CodeIgniter\Database\MySQLi\Connection->execute()
#2 /home/rads/Projetos/Bravi Test/bravi-contact-list-api/vendor/codeigniter4/framework/system/Database/BaseConnection.php(669): CodeIgniter\Database\BaseConnection->simpleQuery()
#3 /home/rads/Projetos/Bravi Test/bravi-contact-list-api/vendor/codeigniter4/framework/system/Database/BaseBuilder.php(2249): CodeIgniter\Database\BaseConnection->query()
#4 /home/rads/Projetos/Bravi Test/bravi-contact-list-api/vendor/codeigniter4/framework/system/Model.php(755): CodeIgniter\Database\BaseBuilder->insert()
#5 /home/rads/Projetos/Bravi Test/bravi-contact-list-api/app/Controllers/Contacts.php(26): CodeIgniter\Model->insert()
#6 /home/rads/Projetos/Bravi Test/bravi-contact-list-api/vendor/codeigniter4/framework/system/CodeIgniter.php(918): App\Controllers\Contacts->create()
#7 /home/rads/Projetos/Bravi Test/bravi-contact-list-api/vendor/codeigniter4/framework/system/CodeIgniter.php(404): CodeIgniter\CodeIgniter->runController()
#8 /home/rads/Projetos/Bravi Test/bravi-contact-list-api/vendor/codeigniter4/framework/system/CodeIgniter.php(312): CodeIgniter\CodeIgniter->handleRequest()
#9 /home/rads/Projetos/Bravi Test/bravi-contact-list-api/public/index.php(45): CodeIgniter\CodeIgniter->run()
#10 /home/rads/Projetos/Bravi Test/bravi-contact-list-api/vendor/codeigniter4/framework/system/Commands/Server/rewrite.php(34): require_once('/home/rads/Proj...')
#11 {main}
CRITICAL - 2020-11-01 17:07:35 --> Column 'contact_firstname' cannot be null
#0 /home/rads/Projetos/Bravi Test/bravi-contact-list-api/vendor/codeigniter4/framework/system/Database/MySQLi/Connection.php(331): mysqli->query()
#1 /home/rads/Projetos/Bravi Test/bravi-contact-list-api/vendor/codeigniter4/framework/system/Database/BaseConnection.php(741): CodeIgniter\Database\MySQLi\Connection->execute()
#2 /home/rads/Projetos/Bravi Test/bravi-contact-list-api/vendor/codeigniter4/framework/system/Database/BaseConnection.php(669): CodeIgniter\Database\BaseConnection->simpleQuery()
#3 /home/rads/Projetos/Bravi Test/bravi-contact-list-api/vendor/codeigniter4/framework/system/Database/BaseBuilder.php(2249): CodeIgniter\Database\BaseConnection->query()
#4 /home/rads/Projetos/Bravi Test/bravi-contact-list-api/vendor/codeigniter4/framework/system/Model.php(755): CodeIgniter\Database\BaseBuilder->insert()
#5 /home/rads/Projetos/Bravi Test/bravi-contact-list-api/app/Controllers/Contacts.php(26): CodeIgniter\Model->insert()
#6 /home/rads/Projetos/Bravi Test/bravi-contact-list-api/vendor/codeigniter4/framework/system/CodeIgniter.php(918): App\Controllers\Contacts->create()
#7 /home/rads/Projetos/Bravi Test/bravi-contact-list-api/vendor/codeigniter4/framework/system/CodeIgniter.php(404): CodeIgniter\CodeIgniter->runController()
#8 /home/rads/Projetos/Bravi Test/bravi-contact-list-api/vendor/codeigniter4/framework/system/CodeIgniter.php(312): CodeIgniter\CodeIgniter->handleRequest()
#9 /home/rads/Projetos/Bravi Test/bravi-contact-list-api/public/index.php(45): CodeIgniter\CodeIgniter->run()
#10 /home/rads/Projetos/Bravi Test/bravi-contact-list-api/vendor/codeigniter4/framework/system/Commands/Server/rewrite.php(34): require_once('/home/rads/Proj...')
#11 {main}
CRITICAL - 2020-11-01 18:49:02 --> Unknown column 'contact_id' in 'where clause'
#0 /home/rads/Projetos/Bravi Test/bravi-contact-list-api/vendor/codeigniter4/framework/system/Database/MySQLi/Connection.php(331): mysqli->query()
#1 /home/rads/Projetos/Bravi Test/bravi-contact-list-api/vendor/codeigniter4/framework/system/Database/BaseConnection.php(741): CodeIgniter\Database\MySQLi\Connection->execute()
#2 /home/rads/Projetos/Bravi Test/bravi-contact-list-api/vendor/codeigniter4/framework/system/Database/BaseConnection.php(669): CodeIgniter\Database\BaseConnection->simpleQuery()
#3 /home/rads/Projetos/Bravi Test/bravi-contact-list-api/vendor/codeigniter4/framework/system/Database/BaseBuilder.php(1860): CodeIgniter\Database\BaseConnection->query()
#4 /home/rads/Projetos/Bravi Test/bravi-contact-list-api/vendor/codeigniter4/framework/system/Model.php(462): CodeIgniter\Database\BaseBuilder->get()
#5 /home/rads/Projetos/Bravi Test/bravi-contact-list-api/app/Controllers/Phones.php(53): CodeIgniter\Model->findAll()
#6 /home/rads/Projetos/Bravi Test/bravi-contact-list-api/vendor/codeigniter4/framework/system/CodeIgniter.php(918): App\Controllers\Phones->getByContact()
#7 /home/rads/Projetos/Bravi Test/bravi-contact-list-api/vendor/codeigniter4/framework/system/CodeIgniter.php(404): CodeIgniter\CodeIgniter->runController()
#8 /home/rads/Projetos/Bravi Test/bravi-contact-list-api/vendor/codeigniter4/framework/system/CodeIgniter.php(312): CodeIgniter\CodeIgniter->handleRequest()
#9 /home/rads/Projetos/Bravi Test/bravi-contact-list-api/public/index.php(45): CodeIgniter\CodeIgniter->run()
#10 /home/rads/Projetos/Bravi Test/bravi-contact-list-api/vendor/codeigniter4/framework/system/Commands/Server/rewrite.php(34): require_once('/home/rads/Proj...')
#11 {main}
